C51 COMPILER V9.60.7.0   BUZZER                                                            09/12/2024 17:56:51 PAGE 1   


C51 COMPILER V9.60.7.0, COMPILATION OF MODULE BUZZER
OBJECT MODULE PLACED IN .\Objects\buzzer.obj
COMPILER INVOKED BY: C:\Users\shash\AppData\Local\Keil_v5\C51\BIN\C51.EXE Src\buzzer.c LARGE OPTIMIZE(8,SPEED) BROWSE IN
                    -CDIR(.\Device\Include;.\Driver\inc;.\Src) DEBUG OBJECTEXTEND PRINT(.\Listings\buzzer.lst) TABS(2) OBJECT(.\Objects\buzze
                    -r.obj)

line level    source

   1          #include "MS51_32K.H"
   2          #include "buzzer.h"
   3          #include "function.h"
   4          
   5          /********************BUZZER************************/
   6          volatile uint8_t  enableBuzzer = 0;
   7          volatile uint8_t  numberOfBuzzerBeep = 0;
   8          volatile uint16_t buzzerCount = 0;
   9          volatile uint16_t buzzerBeepGap = 0;
  10          volatile uint16_t buzzerBeepDuration = 0;
  11          
  12          void initBuzzer(void) {
  13   1        enableBuzzer = 0;
  14   1        numberOfBuzzerBeep = 0;
  15   1        buzzerCount = 0;
  16   1        buzzerBeepGap = 0;
  17   1        buzzerBeepDuration = 0;
  18   1        
  19   1        P01_PUSHPULL_MODE;
  20   1        P01 = 0;
  21   1      }
  22          
  23          void setBuzzerVariables(unsigned char enable, unsigned char numberofBeep, unsigned int beepDuration, unsig
             -ned int beepGap) {
  24   1        enableBuzzer = enable;
  25   1        numberOfBuzzerBeep = numberofBeep;
  26   1        buzzerBeepDuration = beepDuration;
  27   1        buzzerBeepGap = beepGap;
  28   1        if(enable == 0) {
  29   2          BUZZER_PIN = BUZZER_PIN_OFF;
  30   2        }
  31   1      }
  32          
  33          void setBuzzerInterruptVariables(unsigned char enable, unsigned char numberofBeep, unsigned int beepDurati
             -on, unsigned int beepGap) {
  34   1        enableBuzzer = enable;
  35   1        numberOfBuzzerBeep = numberofBeep;
  36   1        buzzerBeepDuration = beepDuration;
  37   1        buzzerBeepGap = beepGap;
  38   1        if(enable == 0) {
  39   2          BUZZER_PIN = BUZZER_PIN_OFF;
  40   2        }
  41   1      }
  42          
  43          void buzzerHandler(void) {  
  44   1        if(enableBuzzer == 0) {
  45   2          return;
  46   2        }
  47   1      
  48   1        buzzerCount = buzzerCount + 11;
  49   1        if (numberOfBuzzerBeep == 0) {
  50   2          enableBuzzer = 0;
  51   2            buzzerCount = 0;
C51 COMPILER V9.60.7.0   BUZZER                                                            09/12/2024 17:56:51 PAGE 2   

  52   2            BUZZER_PIN = BUZZER_PIN_OFF;
  53   2        }
  54   1        
  55   1        if (numberOfBuzzerBeep > 0) {
  56   2          if ((buzzerCount < buzzerBeepDuration) && (!BUZZER_PIN)) {
  57   3            BUZZER_PIN = BUZZER_PIN_ON;
  58   3          }
  59   2          
  60   2          if ((buzzerCount >= buzzerBeepDuration) && (BUZZER_PIN)) {
  61   3            BUZZER_PIN = BUZZER_PIN_OFF;
  62   3          } else if (buzzerCount >= buzzerBeepDuration + buzzerBeepGap) {
  63   3            buzzerCount = 0;
  64   3              numberOfBuzzerBeep -= 1;
  65   3          }
  66   2        }
  67   1      }


MODULE INFORMATION:   STATIC OVERLAYABLE
   CODE SIZE        =    260    ----
   CONSTANT SIZE    =   ----    ----
   XDATA SIZE       =      8      12
   PDATA SIZE       =   ----    ----
   DATA SIZE        =   ----    ----
   IDATA SIZE       =   ----    ----
   BIT SIZE         =   ----    ----
END OF MODULE INFORMATION.


C51 COMPILATION COMPLETE.  0 WARNING(S),  0 ERROR(S)
