C51 COMPILER V9.60.7.0   COMMON                                                            04/14/2025 22:12:06 PAGE 1   


C51 COMPILER V9.60.7.0, COMPILATION OF MODULE COMMON
OBJECT MODULE PLACED IN .\Objects\common.obj
COMPILER INVOKED BY: C:\Keil_v5\C51\BIN\C51.EXE Driver\src\common.c LARGE OPTIMIZE(8,SPEED) BROWSE INCDIR(.\Device\Inclu
                    -de;.\Driver\inc;.\Src) DEBUG OBJECTEXTEND PRINT(.\Listings\common.lst) TABS(2) OBJECT(.\Objects\common.obj)

line level    source

   1          /*--------------------------------------------------------------------------------------------------------
             --*/
   2          /*                                                                                                        
             - */
   3          /* SPDX-License-Identifier: Apache-2.0                                                                    
             - */
   4          /* Copyright(c) 2020 Nuvoton Technology Corp. All rights reserved.                                        
             - */
   5          /*                                                                                                        
             - */
   6          /*--------------------------------------------------------------------------------------------------------
             --*/
   7          
   8          #include "MS51_32K.h"
   9          bit BIT_TMP;
  10          
  11          /**
  12           * @brief       Read Dataflash
  13           * @param       Dataflash start address
  14           * @return      Dataflash Value
  15           * @details     None
  16           */
  17          unsigned char Read_APROM_BYTE(unsigned int code *u16_addr)
  18          {
  19   1          unsigned char rdata;
  20   1          rdata = *u16_addr >> 8;
  21   1          return rdata;
  22   1      }


MODULE INFORMATION:   STATIC OVERLAYABLE
   CODE SIZE        =      8    ----
   CONSTANT SIZE    =   ----    ----
   XDATA SIZE       =   ----    ----
   PDATA SIZE       =   ----    ----
   DATA SIZE        =   ----    ----
   IDATA SIZE       =   ----    ----
   BIT SIZE         =      1    ----
END OF MODULE INFORMATION.


C51 COMPILATION COMPLETE.  0 WARNING(S),  0 ERROR(S)
