C51 COMPILER V9.60.7.0   FONTS                                                             09/18/2024 13:49:56 PAGE 1   


C51 COMPILER V9.60.7.0, COMPILATION OF MODULE FONTS
OBJECT MODULE PLACED IN .\Objects\fonts.obj
COMPILER INVOKED BY: C:\Keil_v5\C51\BIN\C51.EXE C:\Keil Workspace\09_TFT_Display\Src\fonts.c LARGE OPTIMIZE(8,SPEED) BRO
                    -WSE INCDIR(.\Device\Include;.\Driver\inc;.\Src) DEBUG OBJECTEXTEND PRINT(.\Listings\fonts.lst) TABS(2) OBJECT(.\Objects\
                    -fonts.obj)

line level    source

   1          #include "fonts.h"
*** WARNING C318 IN LINE 6 OF C:\Keil Workspace\09_TFT_Display\Src\fonts.h: can't open file 'stdint.h'
   2          
   3          code uint8_t Arial_Narrow8x12[] = {
*** ERROR C231 IN LINE 3 OF C:\Keil Workspace\09_TFT_Display\Src\fonts.c: 'Arial_Narrow8x12': redefinition
   4              /* Offset, Width, Height, BPL */
   5              17,8,12,2,
   6          
   7                  0x05, 0x00, 0x00, 0x00, 0x00, 0x00, 0x00, 0x00, 0x00, 0x00, 0x00, 0x00, 0x00, 0x00, 0x00, 0x00, 0x
             -00,  // Code for char
   8                  0x02, 0x00, 0x00, 0x7E, 0x01, 0x00, 0x00, 0x00, 0x00, 0x00, 0x00, 0x00, 0x00, 0x00, 0x00, 0x00, 0x
             -00,  // Code for char !
   9                  0x03, 0x0E, 0x00, 0x00, 0x00, 0x0E, 0x00, 0x00, 0x00, 0x00, 0x00, 0x00, 0x00, 0x00, 0x00, 0x00, 0x
             -00,  // Code for char "
  10                  0x05, 0xE8, 0x01, 0x5E, 0x00, 0xE8, 0x01, 0x5E, 0x00, 0x48, 0x00, 0x00, 0x00, 0x00, 0x00, 0x00, 0x
             -00,  // Code for char #
  11                  0x05, 0x8C, 0x00, 0x12, 0x01, 0xFF, 0x03, 0x12, 0x01, 0xE4, 0x00, 0x00, 0x00, 0x00, 0x00, 0x00, 0x
             -00,  // Code for char $
  12                  0x07, 0x0C, 0x00, 0x12, 0x00, 0x8C, 0x01, 0x70, 0x00, 0xCC, 0x00, 0x22, 0x01, 0xC0, 0x00, 0x00, 0x
             -00,  // Code for char %
  13                  0x05, 0xE0, 0x00, 0x2C, 0x01, 0x32, 0x01, 0xCC, 0x00, 0xE0, 0x00, 0x00, 0x00, 0x00, 0x00, 0x00, 0x
             -00,  // Code for char &
  14                  0x01, 0x0E, 0x00, 0x00, 0x00, 0x00, 0x00, 0x00, 0x00, 0x00, 0x00, 0x00, 0x00, 0x00, 0x00, 0x00, 0x
             -00,  // Code for char '
  15                  0x02, 0xFC, 0x03, 0x02, 0x04, 0x00, 0x00, 0x00, 0x00, 0x00, 0x00, 0x00, 0x00, 0x00, 0x00, 0x00, 0x
             -00,  // Code for char (
  16                  0x02, 0x02, 0x04, 0xFC, 0x03, 0x00, 0x00, 0x00, 0x00, 0x00, 0x00, 0x00, 0x00, 0x00, 0x00, 0x00, 0x
             -00,  // Code for char )
  17                  0x03, 0x14, 0x00, 0x0E, 0x00, 0x14, 0x00, 0x00, 0x00, 0x00, 0x00, 0x00, 0x00, 0x00, 0x00, 0x00, 0x
             -00,  // Code for char *
  18                  0x05, 0x20, 0x00, 0x20, 0x00, 0xF8, 0x00, 0x20, 0x00, 0x20, 0x00, 0x00, 0x00, 0x00, 0x00, 0x00, 0x
             -00,  // Code for char +
  19                  0x02, 0x00, 0x04, 0x00, 0x03, 0x00, 0x00, 0x00, 0x00, 0x00, 0x00, 0x00, 0x00, 0x00, 0x00, 0x00, 0x
             -00,  // Code for char ,
  20                  0x02, 0x40, 0x00, 0x40, 0x00, 0x00, 0x00, 0x00, 0x00, 0x00, 0x00, 0x00, 0x00, 0x00, 0x00, 0x00, 0x
             -00,  // Code for char -
  21                  0x02, 0x00, 0x00, 0x00, 0x01, 0x00, 0x00, 0x00, 0x00, 0x00, 0x00, 0x00, 0x00, 0x00, 0x00, 0x00, 0x
             -00,  // Code for char .
  22                  0x03, 0xC0, 0x01, 0x30, 0x00, 0x0E, 0x00, 0x00, 0x00, 0x00, 0x00, 0x00, 0x00, 0x00, 0x00, 0x00, 0x
             -00,  // Code for char /
  23                  0x04, 0xFC, 0x00, 0x02, 0x01, 0x02, 0x01, 0xFC, 0x00, 0x00, 0x00, 0x00, 0x00, 0x00, 0x00, 0x00, 0x
             -00,  // Code for char 0
  24                  0x03, 0x08, 0x00, 0x04, 0x00, 0xFE, 0x01, 0x00, 0x00, 0x00, 0x00, 0x00, 0x00, 0x00, 0x00, 0x00, 0x
             -00,  // Code for char 1
  25                  0x04, 0x84, 0x01, 0x42, 0x01, 0x22, 0x01, 0x1C, 0x01, 0x00, 0x00, 0x00, 0x00, 0x00, 0x00, 0x00, 0x
             -00,  // Code for char 2
  26                  0x04, 0x84, 0x00, 0x12, 0x01, 0x12, 0x01, 0xEC, 0x00, 0x00, 0x00, 0x00, 0x00, 0x00, 0x00, 0x00, 0x
             -00,  // Code for char 3
  27                  0x05, 0x60, 0x00, 0x58, 0x00, 0x44, 0x00, 0xFE, 0x01, 0x40, 0x00, 0x00, 0x00, 0x00, 0x00, 0x00, 0x
             -00,  // Code for char 4
  28                  0x04, 0x98, 0x00, 0x16, 0x01, 0x12, 0x01, 0xE2, 0x00, 0x00, 0x00, 0x00, 0x00, 0x00, 0x00, 0x00, 0x
             -00,  // Code for char 5
  29                  0x04, 0xFC, 0x00, 0x22, 0x01, 0x12, 0x01, 0xE4, 0x00, 0x00, 0x00, 0x00, 0x00, 0x00, 0x00, 0x00, 0x
C51 COMPILER V9.60.7.0   FONTS                                                             09/18/2024 13:49:56 PAGE 2   

             -00,  // Code for char 6
  30                  0x04, 0x02, 0x00, 0xC2, 0x01, 0x3A, 0x00, 0x06, 0x00, 0x00, 0x00, 0x00, 0x00, 0x00, 0x00, 0x00, 0x
             -00,  // Code for char 7
  31                  0x04, 0xEC, 0x00, 0x12, 0x01, 0x12, 0x01, 0xEC, 0x00, 0x00, 0x00, 0x00, 0x00, 0x00, 0x00, 0x00, 0x
             -00,  // Code for char 8
  32                  0x04, 0x9C, 0x00, 0x22, 0x01, 0x12, 0x01, 0xFC, 0x00, 0x00, 0x00, 0x00, 0x00, 0x00, 0x00, 0x00, 0x
             -00,  // Code for char 9
  33                  0x02, 0x00, 0x00, 0x08, 0x01, 0x00, 0x00, 0x00, 0x00, 0x00, 0x00, 0x00, 0x00, 0x00, 0x00, 0x00, 0x
             -00,  // Code for char :
  34                  0x02, 0x00, 0x04, 0x08, 0x03, 0x00, 0x00, 0x00, 0x00, 0x00, 0x00, 0x00, 0x00, 0x00, 0x00, 0x00, 0x
             -00,  // Code for char ;
  35                  0x04, 0x20, 0x00, 0x50, 0x00, 0x50, 0x00, 0x88, 0x00, 0x00, 0x00, 0x00, 0x00, 0x00, 0x00, 0x00, 0x
             -00,  // Code for char <
  36                  0x04, 0x50, 0x00, 0x50, 0x00, 0x50, 0x00, 0x50, 0x00, 0x00, 0x00, 0x00, 0x00, 0x00, 0x00, 0x00, 0x
             -00,  // Code for char =
  37                  0x04, 0x88, 0x00, 0x50, 0x00, 0x50, 0x00, 0x20, 0x00, 0x00, 0x00, 0x00, 0x00, 0x00, 0x00, 0x00, 0x
             -00,  // Code for char >
  38                  0x04, 0x04, 0x00, 0x62, 0x01, 0x12, 0x00, 0x0C, 0x00, 0x00, 0x00, 0x00, 0x00, 0x00, 0x00, 0x00, 0x
             -00,  // Code for char ?
  39                  0x08, 0xF0, 0x01, 0x08, 0x02, 0xF4, 0x04, 0x0A, 0x09, 0x0A, 0x09, 0xF2, 0x09, 0x0C, 0x05, 0xF8, 0x
             -02,  // Code for char @
  40                  0x05, 0x80, 0x01, 0x7C, 0x00, 0x42, 0x00, 0x7C, 0x00, 0x80, 0x01, 0x00, 0x00, 0x00, 0x00, 0x00, 0x
             -00,  // Code for char A
  41                  0x05, 0xFE, 0x01, 0x12, 0x01, 0x12, 0x01, 0x12, 0x01, 0xEC, 0x00, 0x00, 0x00, 0x00, 0x00, 0x00, 0x
             -00,  // Code for char B
  42                  0x06, 0x78, 0x00, 0x84, 0x00, 0x02, 0x01, 0x02, 0x01, 0x02, 0x01, 0xCC, 0x00, 0x00, 0x00, 0x00, 0x
             -00,  // Code for char C
  43                  0x05, 0xFE, 0x01, 0x02, 0x01, 0x02, 0x01, 0x84, 0x00, 0x78, 0x00, 0x00, 0x00, 0x00, 0x00, 0x00, 0x
             -00,  // Code for char D
  44                  0x05, 0xFE, 0x01, 0x12, 0x01, 0x12, 0x01, 0x12, 0x01, 0x12, 0x01, 0x00, 0x00, 0x00, 0x00, 0x00, 0x
             -00,  // Code for char E
  45                  0x05, 0x00, 0x00, 0xFE, 0x01, 0x12, 0x00, 0x12, 0x00, 0x02, 0x00, 0x00, 0x00, 0x00, 0x00, 0x00, 0x
             -00,  // Code for char F
  46                  0x06, 0x78, 0x00, 0x84, 0x00, 0x02, 0x01, 0x22, 0x01, 0x22, 0x01, 0xEC, 0x00, 0x00, 0x00, 0x00, 0x
             -00,  // Code for char G
  47                  0x05, 0xFE, 0x01, 0x10, 0x00, 0x10, 0x00, 0x10, 0x00, 0xFE, 0x01, 0x00, 0x00, 0x00, 0x00, 0x00, 0x
             -00,  // Code for char H
  48                  0x01, 0xFE, 0x01, 0x00, 0x00, 0x00, 0x00, 0x00, 0x00, 0x00, 0x00, 0x00, 0x00, 0x00, 0x00, 0x00, 0x
             -00,  // Code for char I
  49                  0x04, 0xC0, 0x00, 0x00, 0x01, 0x00, 0x01, 0xFE, 0x00, 0x00, 0x00, 0x00, 0x00, 0x00, 0x00, 0x00, 0x
             -00,  // Code for char J
  50                  0x05, 0xFE, 0x01, 0x10, 0x00, 0x38, 0x00, 0xC4, 0x00, 0x02, 0x01, 0x00, 0x00, 0x00, 0x00, 0x00, 0x
             -00,  // Code for char K
  51                  0x04, 0xFE, 0x01, 0x00, 0x01, 0x00, 0x01, 0x00, 0x01, 0x00, 0x00, 0x00, 0x00, 0x00, 0x00, 0x00, 0x
             -00,  // Code for char L
  52                  0x07, 0xFE, 0x01, 0x0C, 0x00, 0xF0, 0x00, 0x00, 0x01, 0xF0, 0x00, 0x0C, 0x00, 0xFE, 0x01, 0x00, 0x
             -00,  // Code for char M
  53                  0x06, 0xFE, 0x01, 0x04, 0x00, 0x18, 0x00, 0x60, 0x00, 0x80, 0x00, 0xFE, 0x01, 0x00, 0x00, 0x00, 0x
             -00,  // Code for char N
  54                  0x06, 0x78, 0x00, 0x84, 0x00, 0x02, 0x01, 0x02, 0x01, 0x84, 0x00, 0x78, 0x00, 0x00, 0x00, 0x00, 0x
             -00,  // Code for char O
  55                  0x05, 0xFE, 0x01, 0x22, 0x00, 0x22, 0x00, 0x22, 0x00, 0x1C, 0x00, 0x00, 0x00, 0x00, 0x00, 0x00, 0x
             -00,  // Code for char P
  56                  0x06, 0x78, 0x00, 0x84, 0x00, 0x02, 0x01, 0x82, 0x01, 0x84, 0x00, 0x78, 0x03, 0x00, 0x00, 0x00, 0x
             -00,  // Code for char Q
  57                  0x07, 0x00, 0x00, 0xFE, 0x01, 0x12, 0x00, 0x32, 0x00, 0x52, 0x00, 0x8C, 0x00, 0x00, 0x01, 0x00, 0x
             -00,  // Code for char R
  58                  0x05, 0xCC, 0x00, 0x12, 0x01, 0x12, 0x01, 0x12, 0x01, 0xE4, 0x00, 0x00, 0x00, 0x00, 0x00, 0x00, 0x
             -00,  // Code for char S
  59                  0x05, 0x02, 0x00, 0x02, 0x00, 0xFE, 0x01, 0x02, 0x00, 0x02, 0x00, 0x00, 0x00, 0x00, 0x00, 0x00, 0x
             -00,  // Code for char T
  60                  0x06, 0x7E, 0x00, 0x80, 0x00, 0x00, 0x01, 0x00, 0x01, 0x80, 0x00, 0x7E, 0x00, 0x00, 0x00, 0x00, 0x
C51 COMPILER V9.60.7.0   FONTS                                                             09/18/2024 13:49:56 PAGE 3   

             -00,  // Code for char U
  61                  0x05, 0x06, 0x00, 0xF8, 0x00, 0x00, 0x01, 0xF8, 0x00, 0x06, 0x00, 0x00, 0x00, 0x00, 0x00, 0x00, 0x
             -00,  // Code for char V
  62                  0x07, 0xFE, 0x00, 0x00, 0x01, 0xFC, 0x00, 0x02, 0x00, 0xFC, 0x00, 0x00, 0x01, 0xFE, 0x00, 0x00, 0x
             -00,  // Code for char W
  63                  0x06, 0x02, 0x01, 0xCC, 0x00, 0x30, 0x00, 0x30, 0x00, 0xCC, 0x00, 0x02, 0x01, 0x00, 0x00, 0x00, 0x
             -00,  // Code for char X
  64                  0x05, 0x02, 0x00, 0x0C, 0x00, 0xF0, 0x01, 0x0C, 0x00, 0x02, 0x00, 0x00, 0x00, 0x00, 0x00, 0x00, 0x
             -00,  // Code for char Y
  65                  0x05, 0x82, 0x01, 0x42, 0x01, 0x32, 0x01, 0x0A, 0x01, 0x06, 0x01, 0x00, 0x00, 0x00, 0x00, 0x00, 0x
             -00,  // Code for char Z
  66                  };
*** ERROR C231 IN LINE 66 OF C:\Keil Workspace\09_TFT_Display\Src\fonts.c: 'Arial_Narrow8x12': redefinition
  67          
  68          // const uint8_t Arial_Narrow10x13[] = {
  69          //    /* Offset, Width, Height, BPL */
  70          //    21,10,13,2,
  71          
  72          //         0x06, 0x00, 0x00, 0x00, 0x00, 0x00, 0x00, 0x00, 0x00, 0x00, 0x00, 0x00, 0x00, 0x00, 0x00, 0x00,
             - 0x00, 0x00, 0x00, 0x00, 0x00,  // Code for char
  73          //         0x02, 0x00, 0x00, 0xFE, 0x02, 0x00, 0x00, 0x00, 0x00, 0x00, 0x00, 0x00, 0x00, 0x00, 0x00, 0x00,
             - 0x00, 0x00, 0x00, 0x00, 0x00,  // Code for char !
  74          //         0x03, 0x0E, 0x00, 0x00, 0x00, 0x0E, 0x00, 0x00, 0x00, 0x00, 0x00, 0x00, 0x00, 0x00, 0x00, 0x00,
             - 0x00, 0x00, 0x00, 0x00, 0x00,  // Code for char "
  75          //         0x07, 0x50, 0x00, 0x50, 0x03, 0xF8, 0x00, 0x56, 0x00, 0x50, 0x03, 0xF8, 0x00, 0x56, 0x00, 0x00,
             - 0x00, 0x00, 0x00, 0x00, 0x00,  // Code for char #
  76          //         0x05, 0x9C, 0x01, 0x22, 0x02, 0xFF, 0x07, 0x22, 0x02, 0xC4, 0x01, 0x00, 0x00, 0x00, 0x00, 0x00,
             - 0x00, 0x00, 0x00, 0x00, 0x00,  // Code for char $
  77          //         0x0A, 0x1C, 0x00, 0x22, 0x00, 0x22, 0x02, 0x9C, 0x01, 0x40, 0x00, 0x30, 0x00, 0xCC, 0x01, 0x22,
             - 0x02, 0x20, 0x02, 0xC0, 0x01,  // Code for char %
  78          //         0x08, 0x00, 0x00, 0xC0, 0x01, 0x3C, 0x02, 0x22, 0x02, 0x52, 0x02, 0x8C, 0x01, 0xC0, 0x03, 0x00,
             - 0x02, 0x00, 0x00, 0x00, 0x00,  // Code for char &
  79          //         0x01, 0x0E, 0x00, 0x00, 0x00, 0x00, 0x00, 0x00, 0x00, 0x00, 0x00, 0x00, 0x00, 0x00, 0x00, 0x00,
             - 0x00, 0x00, 0x00, 0x00, 0x00,  // Code for char '
  80          //         0x04, 0x00, 0x00, 0xF0, 0x03, 0x0C, 0x0C, 0x02, 0x10, 0x00, 0x00, 0x00, 0x00, 0x00, 0x00, 0x00,
             - 0x00, 0x00, 0x00, 0x00, 0x00,  // Code for char (
  81          //         0x03, 0x02, 0x10, 0x0C, 0x0C, 0xF0, 0x03, 0x00, 0x00, 0x00, 0x00, 0x00, 0x00, 0x00, 0x00, 0x00,
             - 0x00, 0x00, 0x00, 0x00, 0x00,  // Code for char )
  82          //         0x03, 0x14, 0x00, 0x0E, 0x00, 0x14, 0x00, 0x00, 0x00, 0x00, 0x00, 0x00, 0x00, 0x00, 0x00, 0x00,
             - 0x00, 0x00, 0x00, 0x00, 0x00,  // Code for char *
  83          //         0x07, 0x20, 0x00, 0x20, 0x00, 0x20, 0x00, 0xF8, 0x00, 0x20, 0x00, 0x20, 0x00, 0x20, 0x00, 0x00,
             - 0x00, 0x00, 0x00, 0x00, 0x00,  // Code for char +
  84          //         0x02, 0x00, 0x08, 0x00, 0x06, 0x00, 0x00, 0x00, 0x00, 0x00, 0x00, 0x00, 0x00, 0x00, 0x00, 0x00,
             - 0x00, 0x00, 0x00, 0x00, 0x00,  // Code for char ,
  85          //         0x03, 0x40, 0x00, 0x40, 0x00, 0x40, 0x00, 0x00, 0x00, 0x00, 0x00, 0x00, 0x00, 0x00, 0x00, 0x00,
             - 0x00, 0x00, 0x00, 0x00, 0x00,  // Code for char -
  86          //         0x02, 0x00, 0x00, 0x00, 0x02, 0x00, 0x00, 0x00, 0x00, 0x00, 0x00, 0x00, 0x00, 0x00, 0x00, 0x00,
             - 0x00, 0x00, 0x00, 0x00, 0x00,  // Code for char .
  87          //         0x03, 0x00, 0x03, 0xF0, 0x00, 0x0E, 0x00, 0x00, 0x00, 0x00, 0x00, 0x00, 0x00, 0x00, 0x00, 0x00,
             - 0x00, 0x00, 0x00, 0x00, 0x00,  // Code for char /
  88          //         0x05, 0xF8, 0x00, 0x04, 0x01, 0x02, 0x02, 0x04, 0x01, 0xF8, 0x00, 0x00, 0x00, 0x00, 0x00, 0x00,
             - 0x00, 0x00, 0x00, 0x00, 0x00,  // Code for char 0
  89          //         0x03, 0x08, 0x00, 0x04, 0x00, 0xFE, 0x03, 0x00, 0x00, 0x00, 0x00, 0x00, 0x00, 0x00, 0x00, 0x00,
             - 0x00, 0x00, 0x00, 0x00, 0x00,  // Code for char 1
  90          //         0x05, 0x0C, 0x03, 0x82, 0x02, 0x42, 0x02, 0x24, 0x02, 0x18, 0x02, 0x00, 0x00, 0x00, 0x00, 0x00,
             - 0x00, 0x00, 0x00, 0x00, 0x00,  // Code for char 2
  91          //         0x05, 0x84, 0x01, 0x02, 0x02, 0x22, 0x02, 0x54, 0x01, 0x88, 0x00, 0x00, 0x00, 0x00, 0x00, 0x00,
             - 0x00, 0x00, 0x00, 0x00, 0x00,  // Code for char 3
  92          //         0x05, 0xC0, 0x00, 0xB0, 0x00, 0x8C, 0x00, 0xFE, 0x03, 0x80, 0x00, 0x00, 0x00, 0x00, 0x00, 0x00,
             - 0x00, 0x00, 0x00, 0x00, 0x00,  // Code for char 4
  93          //         0x05, 0xB8, 0x01, 0x16, 0x02, 0x12, 0x02, 0x22, 0x01, 0xC2, 0x00, 0x00, 0x00, 0x00, 0x00, 0x00,
             - 0x00, 0x00, 0x00, 0x00, 0x00,  // Code for char 5
C51 COMPILER V9.60.7.0   FONTS                                                             09/18/2024 13:49:56 PAGE 4   

  94          //         0x05, 0xF8, 0x00, 0x24, 0x01, 0x12, 0x02, 0x22, 0x01, 0xC4, 0x00, 0x00, 0x00, 0x00, 0x00, 0x00,
             - 0x00, 0x00, 0x00, 0x00, 0x00,  // Code for char 6
  95          //         0x05, 0x02, 0x00, 0x82, 0x03, 0x72, 0x00, 0x0A, 0x00, 0x06, 0x00, 0x00, 0x00, 0x00, 0x00, 0x00,
             - 0x00, 0x00, 0x00, 0x00, 0x00,  // Code for char 7
  96          //         0x05, 0x88, 0x00, 0x54, 0x01, 0x22, 0x02, 0x54, 0x01, 0x88, 0x00, 0x00, 0x00, 0x00, 0x00, 0x00,
             - 0x00, 0x00, 0x00, 0x00, 0x00,  // Code for char 8
  97          //         0x05, 0x18, 0x01, 0x24, 0x02, 0x42, 0x02, 0x24, 0x01, 0xF8, 0x00, 0x00, 0x00, 0x00, 0x00, 0x00,
             - 0x00, 0x00, 0x00, 0x00, 0x00,  // Code for char 9
  98          //         0x02, 0x00, 0x00, 0x08, 0x02, 0x00, 0x00, 0x00, 0x00, 0x00, 0x00, 0x00, 0x00, 0x00, 0x00, 0x00,
             - 0x00, 0x00, 0x00, 0x00, 0x00,  // Code for char :
  99          //         0x02, 0x00, 0x08, 0x08, 0x06, 0x00, 0x00, 0x00, 0x00, 0x00, 0x00, 0x00, 0x00, 0x00, 0x00, 0x00,
             - 0x00, 0x00, 0x00, 0x00, 0x00,  // Code for char ;
 100          //         0x05, 0x20, 0x00, 0x50, 0x00, 0x50, 0x00, 0x88, 0x00, 0x04, 0x01, 0x00, 0x00, 0x00, 0x00, 0x00,
             - 0x00, 0x00, 0x00, 0x00, 0x00,  // Code for char <
 101          //         0x05, 0x48, 0x00, 0x48, 0x00, 0x48, 0x00, 0x48, 0x00, 0x48, 0x00, 0x00, 0x00, 0x00, 0x00, 0x00,
             - 0x00, 0x00, 0x00, 0x00, 0x00,  // Code for char =
 102          //         0x05, 0x04, 0x01, 0x88, 0x00, 0x50, 0x00, 0x50, 0x00, 0x20, 0x00, 0x00, 0x00, 0x00, 0x00, 0x00,
             - 0x00, 0x00, 0x00, 0x00, 0x00,  // Code for char >
 103          //         0x05, 0x0C, 0x00, 0x06, 0x00, 0xC2, 0x02, 0x22, 0x00, 0x1C, 0x00, 0x00, 0x00, 0x00, 0x00, 0x00,
             - 0x00, 0x00, 0x00, 0x00, 0x00,  // Code for char ?
 104          //         0x0A, 0xF0, 0x03, 0x08, 0x04, 0xF4, 0x09, 0x0A, 0x12, 0x0A, 0x12, 0x0A, 0x11, 0xF2, 0x13, 0x1A,
             - 0x12, 0x04, 0x0A, 0xF8, 0x05,  // Code for char @
 105          //         0x07, 0x00, 0x03, 0xE0, 0x00, 0x5C, 0x00, 0x42, 0x00, 0x5C, 0x00, 0xE0, 0x00, 0x00, 0x03, 0x00,
             - 0x00, 0x00, 0x00, 0x00, 0x00,  // Code for char A
 106          //         0x06, 0x00, 0x00, 0xFE, 0x03, 0x22, 0x02, 0x22, 0x02, 0x22, 0x02, 0xDC, 0x01, 0x00, 0x00, 0x00,
             - 0x00, 0x00, 0x00, 0x00, 0x00,  // Code for char B
 107          //         0x07, 0x00, 0x00, 0xF8, 0x00, 0x04, 0x01, 0x02, 0x02, 0x02, 0x02, 0x02, 0x02, 0x8C, 0x01, 0x00,
             - 0x00, 0x00, 0x00, 0x00, 0x00,  // Code for char C
 108          //         0x07, 0x00, 0x00, 0xFE, 0x03, 0x02, 0x02, 0x02, 0x02, 0x02, 0x02, 0x04, 0x01, 0xF8, 0x00, 0x00,
             - 0x00, 0x00, 0x00, 0x00, 0x00,  // Code for char D
 109          //         0x06, 0x00, 0x00, 0xFE, 0x03, 0x22, 0x02, 0x22, 0x02, 0x22, 0x02, 0x22, 0x02, 0x00, 0x00, 0x00,
             - 0x00, 0x00, 0x00, 0x00, 0x00,  // Code for char E
 110          //         0x06, 0x00, 0x00, 0xFE, 0x03, 0x22, 0x00, 0x22, 0x00, 0x22, 0x00, 0x02, 0x00, 0x00, 0x00, 0x00,
             - 0x00, 0x00, 0x00, 0x00, 0x00,  // Code for char F
 111          //         0x07, 0x00, 0x00, 0xF8, 0x00, 0x04, 0x01, 0x02, 0x02, 0x22, 0x02, 0x22, 0x02, 0xEC, 0x01, 0x00,
             - 0x00, 0x00, 0x00, 0x00, 0x00,  // Code for char G
 112          //         0x07, 0x00, 0x00, 0xFE, 0x03, 0x20, 0x00, 0x20, 0x00, 0x20, 0x00, 0x20, 0x00, 0xFE, 0x03, 0x00,
             - 0x00, 0x00, 0x00, 0x00, 0x00,  // Code for char H
 113          //         0x02, 0x00, 0x00, 0xFE, 0x03, 0x00, 0x00, 0x00, 0x00, 0x00, 0x00, 0x00, 0x00, 0x00, 0x00, 0x00,
             - 0x00, 0x00, 0x00, 0x00, 0x00,  // Code for char I
 114          //         0x04, 0x80, 0x01, 0x00, 0x02, 0x00, 0x02, 0xFE, 0x01, 0x00, 0x00, 0x00, 0x00, 0x00, 0x00, 0x00,
             - 0x00, 0x00, 0x00, 0x00, 0x00,  // Code for char J
 115          //         0x06, 0x00, 0x00, 0xFE, 0x03, 0x20, 0x00, 0x78, 0x00, 0x84, 0x01, 0x02, 0x02, 0x00, 0x00, 0x00,
             - 0x00, 0x00, 0x00, 0x00, 0x00,  // Code for char K
 116          //         0x06, 0x00, 0x00, 0xFE, 0x03, 0x00, 0x02, 0x00, 0x02, 0x00, 0x02, 0x00, 0x02, 0x00, 0x00, 0x00,
             - 0x00, 0x00, 0x00, 0x00, 0x00,  // Code for char L
 117          //         0x08, 0x00, 0x00, 0xFE, 0x03, 0x1C, 0x00, 0xE0, 0x01, 0x00, 0x02, 0xE0, 0x01, 0x1C, 0x00, 0xFE,
             - 0x03, 0x00, 0x00, 0x00, 0x00,  // Code for char M
 118          //         0x07, 0x00, 0x00, 0xFE, 0x03, 0x0C, 0x00, 0x30, 0x00, 0x40, 0x00, 0x80, 0x01, 0xFE, 0x03, 0x00,
             - 0x00, 0x00, 0x00, 0x00, 0x00,  // Code for char N
 119          //         0x07, 0x00, 0x00, 0xF8, 0x00, 0x04, 0x01, 0x02, 0x02, 0x02, 0x02, 0x04, 0x01, 0xF8, 0x00, 0x00,
             - 0x00, 0x00, 0x00, 0x00, 0x00,  // Code for char O
 120          //         0x06, 0x00, 0x00, 0xFE, 0x03, 0x22, 0x00, 0x22, 0x00, 0x22, 0x00, 0x1C, 0x00, 0x00, 0x00, 0x00,
             - 0x00, 0x00, 0x00, 0x00, 0x00,  // Code for char P
 121          //         0x07, 0x00, 0x00, 0xF8, 0x00, 0x04, 0x01, 0x02, 0x02, 0x02, 0x03, 0x04, 0x01, 0xF8, 0x06, 0x00,
             - 0x00, 0x00, 0x00, 0x00, 0x00,  // Code for char Q
 122          //         0x08, 0x00, 0x00, 0xFE, 0x03, 0x22, 0x00, 0x22, 0x00, 0x62, 0x00, 0xA2, 0x00, 0x1C, 0x01, 0x00,
             - 0x02, 0x00, 0x00, 0x00, 0x00,  // Code for char R
 123          //         0x06, 0x00, 0x00, 0x9C, 0x01, 0x22, 0x02, 0x22, 0x02, 0x22, 0x02, 0xCC, 0x01, 0x00, 0x00, 0x00,
             - 0x00, 0x00, 0x00, 0x00, 0x00,  // Code for char S
 124          //         0x06, 0x00, 0x00, 0x02, 0x00, 0x02, 0x00, 0xFE, 0x03, 0x02, 0x00, 0x02, 0x00, 0x00, 0x00, 0x00,
             - 0x00, 0x00, 0x00, 0x00, 0x00,  // Code for char T
C51 COMPILER V9.60.7.0   FONTS                                                             09/18/2024 13:49:56 PAGE 5   

 125          //         0x07, 0x00, 0x00, 0xFE, 0x00, 0x00, 0x01, 0x00, 0x02, 0x00, 0x02, 0x00, 0x01, 0xFE, 0x00, 0x00,
             - 0x00, 0x00, 0x00, 0x00, 0x00,  // Code for char U
 126          //         0x07, 0x06, 0x00, 0x38, 0x00, 0xC0, 0x01, 0x00, 0x02, 0xC0, 0x01, 0x38, 0x00, 0x06, 0x00, 0x00,
             - 0x00, 0x00, 0x00, 0x00, 0x00,  // Code for char V
 127          //         0x09, 0x06, 0x00, 0xF8, 0x01, 0x00, 0x02, 0xFC, 0x01, 0x02, 0x00, 0xFC, 0x01, 0x00, 0x02, 0xF0,
             - 0x01, 0x0E, 0x00, 0x00, 0x00,  // Code for char W
 128          //         0x07, 0x02, 0x02, 0x04, 0x01, 0xD8, 0x00, 0x20, 0x00, 0xD8, 0x00, 0x04, 0x01, 0x02, 0x02, 0x00,
             - 0x00, 0x00, 0x00, 0x00, 0x00,  // Code for char X
 129          //         0x07, 0x02, 0x00, 0x0C, 0x00, 0x10, 0x00, 0xE0, 0x03, 0x10, 0x00, 0x0C, 0x00, 0x02, 0x00, 0x00,
             - 0x00, 0x00, 0x00, 0x00, 0x00,  // Code for char Y
 130          //         0x06, 0x02, 0x03, 0x82, 0x02, 0x62, 0x02, 0x12, 0x02, 0x0A, 0x02, 0x06, 0x02, 0x00, 0x00, 0x00,
             - 0x00, 0x00, 0x00, 0x00, 0x00,  // Code for char Z
 131          //         0x03, 0x00, 0x00, 0xFE, 0x1F, 0x02, 0x10, 0x00, 0x00, 0x00, 0x00, 0x00, 0x00, 0x00, 0x00, 0x00,
             - 0x00, 0x00, 0x00, 0x00, 0x00,  // Code for char [
 132          //         0x03, 0x06, 0x00, 0xF8, 0x00, 0x00, 0x03, 0x00, 0x00, 0x00, 0x00, 0x00, 0x00, 0x00, 0x00, 0x00,
             - 0x00, 0x00, 0x00, 0x00, 0x00,  // Code for char BackSlash
 133          //         0x02, 0x02, 0x10, 0xFE, 0x1F, 0x00, 0x00, 0x00, 0x00, 0x00, 0x00, 0x00, 0x00, 0x00, 0x00, 0x00,
             - 0x00, 0x00, 0x00, 0x00, 0x00,  // Code for char ]
 134          //         0x05, 0x20, 0x00, 0x1C, 0x00, 0x02, 0x00, 0x1C, 0x00, 0x20, 0x00, 0x00, 0x00, 0x00, 0x00, 0x00,
             - 0x00, 0x00, 0x00, 0x00, 0x00,  // Code for char ^
 135          //         0x06, 0x00, 0x08, 0x00, 0x08, 0x00, 0x08, 0x00, 0x08, 0x00, 0x08, 0x00, 0x08, 0x00, 0x00, 0x00,
             - 0x00, 0x00, 0x00, 0x00, 0x00,  // Code for char _
 136          //         0x02, 0x01, 0x00, 0x02, 0x00, 0x00, 0x00, 0x00, 0x00, 0x00, 0x00, 0x00, 0x00, 0x00, 0x00, 0x00,
             - 0x00, 0x00, 0x00, 0x00, 0x00,  // Code for char `
 137          //         0x05, 0x90, 0x01, 0x48, 0x02, 0x48, 0x02, 0x48, 0x02, 0xF0, 0x03, 0x00, 0x00, 0x00, 0x00, 0x00,
             - 0x00, 0x00, 0x00, 0x00, 0x00,  // Code for char a
 138          //         0x05, 0xFE, 0x03, 0x10, 0x01, 0x08, 0x02, 0x08, 0x02, 0xF0, 0x01, 0x00, 0x00, 0x00, 0x00, 0x00,
             - 0x00, 0x00, 0x00, 0x00, 0x00,  // Code for char b
 139          //         0x04, 0xF0, 0x01, 0x08, 0x02, 0x08, 0x02, 0x10, 0x01, 0x00, 0x00, 0x00, 0x00, 0x00, 0x00, 0x00,
             - 0x00, 0x00, 0x00, 0x00, 0x00,  // Code for char c
 140          //         0x05, 0xF0, 0x01, 0x08, 0x02, 0x08, 0x02, 0x10, 0x01, 0xFE, 0x03, 0x00, 0x00, 0x00, 0x00, 0x00,
             - 0x00, 0x00, 0x00, 0x00, 0x00,  // Code for char d
 141          //         0x05, 0xF0, 0x01, 0x48, 0x02, 0x48, 0x02, 0x48, 0x02, 0x70, 0x01, 0x00, 0x00, 0x00, 0x00, 0x00,
             - 0x00, 0x00, 0x00, 0x00, 0x00,  // Code for char e
 142          //         0x02, 0xFE, 0x03, 0x0A, 0x00, 0x00, 0x00, 0x00, 0x00, 0x00, 0x00, 0x00, 0x00, 0x00, 0x00, 0x00,
             - 0x00, 0x00, 0x00, 0x00, 0x00,  // Code for char f
 143          //         0x05, 0xF0, 0x09, 0x08, 0x12, 0x08, 0x12, 0x10, 0x11, 0xF8, 0x0F, 0x00, 0x00, 0x00, 0x00, 0x00,
             - 0x00, 0x00, 0x00, 0x00, 0x00,  // Code for char g
 144          //         0x05, 0xFE, 0x03, 0x10, 0x00, 0x08, 0x00, 0x08, 0x00, 0xF0, 0x03, 0x00, 0x00, 0x00, 0x00, 0x00,
             - 0x00, 0x00, 0x00, 0x00, 0x00,  // Code for char h
 145          //         0x01, 0xFA, 0x03, 0x00, 0x00, 0x00, 0x00, 0x00, 0x00, 0x00, 0x00, 0x00, 0x00, 0x00, 0x00, 0x00,
             - 0x00, 0x00, 0x00, 0x00, 0x00,  // Code for char i
 146          //         0x01, 0xFA, 0x1F, 0x00, 0x00, 0x00, 0x00, 0x00, 0x00, 0x00, 0x00, 0x00, 0x00, 0x00, 0x00, 0x00,
             - 0x00, 0x00, 0x00, 0x00, 0x00,  // Code for char j
 147          //         0x04, 0xFE, 0x03, 0x20, 0x00, 0xD0, 0x00, 0x08, 0x03, 0x00, 0x00, 0x00, 0x00, 0x00, 0x00, 0x00,
             - 0x00, 0x00, 0x00, 0x00, 0x00,  // Code for char k
 148          //         0x01, 0xFE, 0x03, 0x00, 0x00, 0x00, 0x00, 0x00, 0x00, 0x00, 0x00, 0x00, 0x00, 0x00, 0x00, 0x00,
             - 0x00, 0x00, 0x00, 0x00, 0x00,  // Code for char l
 149          //         0x07, 0xF8, 0x03, 0x10, 0x00, 0x08, 0x00, 0xF0, 0x03, 0x10, 0x00, 0x08, 0x00, 0xF0, 0x03, 0x00,
             - 0x00, 0x00, 0x00, 0x00, 0x00,  // Code for char m
 150          //         0x05, 0xF8, 0x03, 0x10, 0x00, 0x08, 0x00, 0x08, 0x00, 0xF0, 0x03, 0x00, 0x00, 0x00, 0x00, 0x00,
             - 0x00, 0x00, 0x00, 0x00, 0x00,  // Code for char n
 151          //         0x05, 0xF0, 0x01, 0x08, 0x02, 0x08, 0x02, 0x08, 0x02, 0xF0, 0x01, 0x00, 0x00, 0x00, 0x00, 0x00,
             - 0x00, 0x00, 0x00, 0x00, 0x00,  // Code for char o
 152          //         0x05, 0xF8, 0x1F, 0x10, 0x01, 0x08, 0x02, 0x08, 0x02, 0xF0, 0x01, 0x00, 0x00, 0x00, 0x00, 0x00,
             - 0x00, 0x00, 0x00, 0x00, 0x00,  // Code for char p
 153          //         0x05, 0xF0, 0x01, 0x08, 0x02, 0x08, 0x02, 0x10, 0x01, 0xF8, 0x1F, 0x00, 0x00, 0x00, 0x00, 0x00,
             - 0x00, 0x00, 0x00, 0x00, 0x00,  // Code for char q
 154          //         0x03, 0xF8, 0x03, 0x10, 0x00, 0x08, 0x00, 0x00, 0x00, 0x00, 0x00, 0x00, 0x00, 0x00, 0x00, 0x00,
             - 0x00, 0x00, 0x00, 0x00, 0x00,  // Code for char r
 155          //         0x04, 0x30, 0x01, 0x48, 0x02, 0x48, 0x02, 0x90, 0x01, 0x00, 0x00, 0x00, 0x00, 0x00, 0x00, 0x00,
             - 0x00, 0x00, 0x00, 0x00, 0x00,  // Code for char s
C51 COMPILER V9.60.7.0   FONTS                                                             09/18/2024 13:49:56 PAGE 6   

 156          //         0x02, 0xFE, 0x03, 0x08, 0x02, 0x00, 0x00, 0x00, 0x00, 0x00, 0x00, 0x00, 0x00, 0x00, 0x00, 0x00,
             - 0x00, 0x00, 0x00, 0x00, 0x00,  // Code for char t
 157          //         0x05, 0xF8, 0x01, 0x00, 0x02, 0x00, 0x02, 0x00, 0x01, 0xF8, 0x03, 0x00, 0x00, 0x00, 0x00, 0x00,
             - 0x00, 0x00, 0x00, 0x00, 0x00,  // Code for char u
 158          //         0x05, 0x18, 0x00, 0xE0, 0x01, 0x00, 0x02, 0xE0, 0x01, 0x18, 0x00, 0x00, 0x00, 0x00, 0x00, 0x00,
             - 0x00, 0x00, 0x00, 0x00, 0x00,  // Code for char v
 159          //         0x07, 0xF8, 0x01, 0x00, 0x02, 0xE0, 0x01, 0x18, 0x00, 0xE0, 0x01, 0x00, 0x02, 0xF8, 0x01, 0x00,
             - 0x00, 0x00, 0x00, 0x00, 0x00,  // Code for char w
 160          //         0x05, 0x08, 0x02, 0xB0, 0x01, 0x40, 0x00, 0xB0, 0x01, 0x08, 0x02, 0x00, 0x00, 0x00, 0x00, 0x00,
             - 0x00, 0x00, 0x00, 0x00, 0x00,  // Code for char x
 161          //         0x05, 0x18, 0x10, 0xE0, 0x10, 0x00, 0x0F, 0xE0, 0x00, 0x18, 0x00, 0x00, 0x00, 0x00, 0x00, 0x00,
             - 0x00, 0x00, 0x00, 0x00, 0x00,  // Code for char y
 162          //         0x04, 0x08, 0x03, 0xC8, 0x02, 0x28, 0x02, 0x18, 0x02, 0x00, 0x00, 0x00, 0x00, 0x00, 0x00, 0x00,
             - 0x00, 0x00, 0x00, 0x00, 0x00,  // Code for char z
 163          //         0x03, 0x40, 0x00, 0xBC, 0x0F, 0x02, 0x10, 0x00, 0x00, 0x00, 0x00, 0x00, 0x00, 0x00, 0x00, 0x00,
             - 0x00, 0x00, 0x00, 0x00, 0x00,  // Code for char {
 164          //         0x02, 0x00, 0x00, 0xFE, 0x1F, 0x00, 0x00, 0x00, 0x00, 0x00, 0x00, 0x00, 0x00, 0x00, 0x00, 0x00,
             - 0x00, 0x00, 0x00, 0x00, 0x00,  // Code for char |
 165          //         0x03, 0x02, 0x10, 0xBC, 0x0F, 0x40, 0x00, 0x00, 0x00, 0x00, 0x00, 0x00, 0x00, 0x00, 0x00, 0x00,
             - 0x00, 0x00, 0x00, 0x00, 0x00,  // Code for char }
 166          //         0x05, 0x30, 0x00, 0x10, 0x00, 0x30, 0x00, 0x20, 0x00, 0x10, 0x00, 0x00, 0x00, 0x00, 0x00, 0x00,
             - 0x00, 0x00, 0x00, 0x00, 0x00,  // Code for char ~
 167          //         0x03, 0xFF, 0x03, 0x01, 0x02, 0xFF, 0x03, 0x00, 0x00, 0x00, 0x00, 0x00, 0x00, 0x00, 0x00, 0x00,
             - 0x00, 0x00, 0x00, 0x00, 0x00   // Code for char 
 168          //         };
 169          
 170          // const uint8_t Arial_Narrow12x16[] = {
 171          //    /* Offset, Width, Height, BPL */
 172          //    25,12,16,2,
 173          
 174          //         0x07, 0x00, 0x00, 0x00, 0x00, 0x00, 0x00, 0x00, 0x00, 0x00, 0x00, 0x00, 0x00, 0x00, 0x00, 0x00,
             - 0x00, 0x00, 0x00, 0x00, 0x00, 0x00, 0x00, 0x00, 0x00,  // Code for char
 175          //         0x02, 0x00, 0x00, 0xFE, 0x0B, 0x00, 0x00, 0x00, 0x00, 0x00, 0x00, 0x00, 0x00, 0x00, 0x00, 0x00,
             - 0x00, 0x00, 0x00, 0x00, 0x00, 0x00, 0x00, 0x00, 0x00,  // Code for char !
 176          //         0x04, 0x00, 0x00, 0x1E, 0x00, 0x00, 0x00, 0x1E, 0x00, 0x00, 0x00, 0x00, 0x00, 0x00, 0x00, 0x00,
             - 0x00, 0x00, 0x00, 0x00, 0x00, 0x00, 0x00, 0x00, 0x00,  // Code for char "
 177          //         0x08, 0x10, 0x01, 0x10, 0x0F, 0xF0, 0x01, 0x1E, 0x01, 0x10, 0x0F, 0xF0, 0x01, 0x1E, 0x01, 0x10,
             - 0x01, 0x00, 0x00, 0x00, 0x00, 0x00, 0x00, 0x00, 0x00,  // Code for char #
 178          //         0x06, 0x1C, 0x06, 0x22, 0x08, 0x42, 0x08, 0xFF, 0x1F, 0x42, 0x08, 0x8C, 0x07, 0x00, 0x00, 0x00,
             - 0x00, 0x00, 0x00, 0x00, 0x00, 0x00, 0x00, 0x00, 0x00,  // Code for char $
 179          //         0x0B, 0x00, 0x00, 0x3C, 0x00, 0x42, 0x00, 0x42, 0x08, 0x3C, 0x06, 0x80, 0x01, 0x70, 0x00, 0x8C,
             - 0x07, 0x42, 0x08, 0x40, 0x08, 0x80, 0x07, 0x00, 0x00,  // Code for char %
 180          //         0x09, 0x00, 0x00, 0x80, 0x07, 0xDC, 0x08, 0x62, 0x08, 0xA2, 0x08, 0x1C, 0x07, 0x00, 0x07, 0x80,
             - 0x09, 0x00, 0x08, 0x00, 0x00, 0x00, 0x00, 0x00, 0x00,  // Code for char &
 181          //         0x02, 0x00, 0x00, 0x1E, 0x00, 0x00, 0x00, 0x00, 0x00, 0x00, 0x00, 0x00, 0x00, 0x00, 0x00, 0x00,
             - 0x00, 0x00, 0x00, 0x00, 0x00, 0x00, 0x00, 0x00, 0x00,  // Code for char '
 182          //         0x04, 0x00, 0x00, 0xF0, 0x0F, 0x0C, 0x38, 0x02, 0x40, 0x00, 0x00, 0x00, 0x00, 0x00, 0x00, 0x00,
             - 0x00, 0x00, 0x00, 0x00, 0x00, 0x00, 0x00, 0x00, 0x00,  // Code for char (
 183          //         0x03, 0x02, 0x40, 0x0C, 0x38, 0xF0, 0x0F, 0x00, 0x00, 0x00, 0x00, 0x00, 0x00, 0x00, 0x00, 0x00,
             - 0x00, 0x00, 0x00, 0x00, 0x00, 0x00, 0x00, 0x00, 0x00,  // Code for char )
 184          //         0x05, 0x04, 0x00, 0x34, 0x00, 0x0E, 0x00, 0x34, 0x00, 0x04, 0x00, 0x00, 0x00, 0x00, 0x00, 0x00,
             - 0x00, 0x00, 0x00, 0x00, 0x00, 0x00, 0x00, 0x00, 0x00,  // Code for char *
 185          //         0x07, 0x40, 0x00, 0x40, 0x00, 0x40, 0x00, 0xF8, 0x03, 0x40, 0x00, 0x40, 0x00, 0x40, 0x00, 0x00,
             - 0x00, 0x00, 0x00, 0x00, 0x00, 0x00, 0x00, 0x00, 0x00,  // Code for char +
 186          //         0x02, 0x00, 0x20, 0x00, 0x18, 0x00, 0x00, 0x00, 0x00, 0x00, 0x00, 0x00, 0x00, 0x00, 0x00, 0x00,
             - 0x00, 0x00, 0x00, 0x00, 0x00, 0x00, 0x00, 0x00, 0x00,  // Code for char ,
 187          //         0x04, 0x00, 0x01, 0x00, 0x01, 0x00, 0x01, 0x00, 0x01, 0x00, 0x00, 0x00, 0x00, 0x00, 0x00, 0x00,
             - 0x00, 0x00, 0x00, 0x00, 0x00, 0x00, 0x00, 0x00, 0x00,  // Code for char -
 188          //         0x02, 0x00, 0x00, 0x00, 0x08, 0x00, 0x00, 0x00, 0x00, 0x00, 0x00, 0x00, 0x00, 0x00, 0x00, 0x00,
             - 0x00, 0x00, 0x00, 0x00, 0x00, 0x00, 0x00, 0x00, 0x00,  // Code for char .
 189          //         0x04, 0x00, 0x0C, 0x80, 0x03, 0x70, 0x00, 0x0E, 0x00, 0x00, 0x00, 0x00, 0x00, 0x00, 0x00, 0x00,
             - 0x00, 0x00, 0x00, 0x00, 0x00, 0x00, 0x00, 0x00, 0x00,  // Code for char /
C51 COMPILER V9.60.7.0   FONTS                                                             09/18/2024 13:49:56 PAGE 7   

 190          //         0x06, 0xF8, 0x03, 0x04, 0x04, 0x02, 0x08, 0x02, 0x08, 0x04, 0x04, 0xF8, 0x03, 0x00, 0x00, 0x00,
             - 0x00, 0x00, 0x00, 0x00, 0x00, 0x00, 0x00, 0x00, 0x00,  // Code for char 0
 191          //         0x04, 0x00, 0x00, 0x10, 0x00, 0x08, 0x00, 0xFE, 0x0F, 0x00, 0x00, 0x00, 0x00, 0x00, 0x00, 0x00,
             - 0x00, 0x00, 0x00, 0x00, 0x00, 0x00, 0x00, 0x00, 0x00,  // Code for char 1
 192          //         0x06, 0x0C, 0x0C, 0x02, 0x0A, 0x02, 0x09, 0x82, 0x08, 0x44, 0x08, 0x38, 0x08, 0x00, 0x00, 0x00,
             - 0x00, 0x00, 0x00, 0x00, 0x00, 0x00, 0x00, 0x00, 0x00,  // Code for char 2
 193          //         0x06, 0x0C, 0x06, 0x02, 0x08, 0x42, 0x08, 0x42, 0x08, 0xA4, 0x04, 0x18, 0x03, 0x00, 0x00, 0x00,
             - 0x00, 0x00, 0x00, 0x00, 0x00, 0x00, 0x00, 0x00, 0x00,  // Code for char 3
 194          //         0x06, 0x80, 0x01, 0x40, 0x01, 0x30, 0x01, 0x0C, 0x01, 0xFE, 0x0F, 0x00, 0x01, 0x00, 0x00, 0x00,
             - 0x00, 0x00, 0x00, 0x00, 0x00, 0x00, 0x00, 0x00, 0x00,  // Code for char 4
 195          //         0x06, 0x70, 0x06, 0x4E, 0x08, 0x22, 0x08, 0x22, 0x08, 0x42, 0x04, 0x82, 0x03, 0x00, 0x00, 0x00,
             - 0x00, 0x00, 0x00, 0x00, 0x00, 0x00, 0x00, 0x00, 0x00,  // Code for char 5
 196          //         0x06, 0xF8, 0x03, 0x44, 0x04, 0x22, 0x08, 0x22, 0x08, 0x42, 0x04, 0x8C, 0x03, 0x00, 0x00, 0x00,
             - 0x00, 0x00, 0x00, 0x00, 0x00, 0x00, 0x00, 0x00, 0x00,  // Code for char 6
 197          //         0x06, 0x02, 0x00, 0x02, 0x0E, 0xC2, 0x01, 0x32, 0x00, 0x0A, 0x00, 0x06, 0x00, 0x00, 0x00, 0x00,
             - 0x00, 0x00, 0x00, 0x00, 0x00, 0x00, 0x00, 0x00, 0x00,  // Code for char 7
 198          //         0x06, 0x18, 0x03, 0xA4, 0x04, 0x42, 0x08, 0x42, 0x08, 0xA4, 0x04, 0x18, 0x03, 0x00, 0x00, 0x00,
             - 0x00, 0x00, 0x00, 0x00, 0x00, 0x00, 0x00, 0x00, 0x00,  // Code for char 8
 199          //         0x06, 0x38, 0x06, 0x44, 0x08, 0x82, 0x08, 0x82, 0x08, 0x44, 0x04, 0xF8, 0x03, 0x00, 0x00, 0x00,
             - 0x00, 0x00, 0x00, 0x00, 0x00, 0x00, 0x00, 0x00, 0x00,  // Code for char 9
 200          //         0x02, 0x00, 0x00, 0x10, 0x08, 0x00, 0x00, 0x00, 0x00, 0x00, 0x00, 0x00, 0x00, 0x00, 0x00, 0x00,
             - 0x00, 0x00, 0x00, 0x00, 0x00, 0x00, 0x00, 0x00, 0x00,  // Code for char :
 201          //         0x02, 0x00, 0x20, 0x10, 0x18, 0x00, 0x00, 0x00, 0x00, 0x00, 0x00, 0x00, 0x00, 0x00, 0x00, 0x00,
             - 0x00, 0x00, 0x00, 0x00, 0x00, 0x00, 0x00, 0x00, 0x00,  // Code for char ;
 202          //         0x07, 0x00, 0x00, 0x40, 0x00, 0xA0, 0x00, 0xA0, 0x00, 0x10, 0x01, 0x10, 0x01, 0x08, 0x02, 0x00,
             - 0x00, 0x00, 0x00, 0x00, 0x00, 0x00, 0x00, 0x00, 0x00,  // Code for char <
 203          //         0x07, 0x00, 0x00, 0x20, 0x01, 0x20, 0x01, 0x20, 0x01, 0x20, 0x01, 0x20, 0x01, 0x20, 0x01, 0x00,
             - 0x00, 0x00, 0x00, 0x00, 0x00, 0x00, 0x00, 0x00, 0x00,  // Code for char =
 204          //         0x07, 0x00, 0x00, 0x08, 0x02, 0x10, 0x01, 0x10, 0x01, 0xA0, 0x00, 0xA0, 0x00, 0x40, 0x00, 0x00,
             - 0x00, 0x00, 0x00, 0x00, 0x00, 0x00, 0x00, 0x00, 0x00,  // Code for char >
 205          //         0x06, 0x0C, 0x00, 0x02, 0x00, 0x02, 0x0B, 0x82, 0x00, 0x42, 0x00, 0x3C, 0x00, 0x00, 0x00, 0x00,
             - 0x00, 0x00, 0x00, 0x00, 0x00, 0x00, 0x00, 0x00, 0x00,  // Code for char ?
 206          //         0x0C, 0x00, 0x00, 0xE0, 0x07, 0x10, 0x08, 0xE8, 0x17, 0x14, 0x28, 0x12, 0x48, 0x12, 0x44, 0x22,
             - 0x47, 0xF2, 0x48, 0x04, 0x28, 0x08, 0x28, 0xF0, 0x17,  // Code for char @
 207          //         0x09, 0x00, 0x08, 0x00, 0x07, 0xE0, 0x00, 0x9C, 0x00, 0x82, 0x00, 0x9C, 0x00, 0xE0, 0x00, 0x00,
             - 0x07, 0x00, 0x08, 0x00, 0x00, 0x00, 0x00, 0x00, 0x00,  // Code for char A
 208          //         0x08, 0x00, 0x00, 0xFE, 0x0F, 0x42, 0x08, 0x42, 0x08, 0x42, 0x08, 0x42, 0x08, 0x42, 0x08, 0xBC,
             - 0x07, 0x00, 0x00, 0x00, 0x00, 0x00, 0x00, 0x00, 0x00,  // Code for char B
 209          //         0x08, 0x00, 0x00, 0xF8, 0x03, 0x04, 0x04, 0x02, 0x08, 0x02, 0x08, 0x02, 0x08, 0x04, 0x04, 0x18,
             - 0x03, 0x00, 0x00, 0x00, 0x00, 0x00, 0x00, 0x00, 0x00,  // Code for char C
 210          //         0x08, 0x00, 0x00, 0xFE, 0x0F, 0x02, 0x08, 0x02, 0x08, 0x02, 0x08, 0x02, 0x08, 0x04, 0x04, 0xF8,
             - 0x03, 0x00, 0x00, 0x00, 0x00, 0x00, 0x00, 0x00, 0x00,  // Code for char D
 211          //         0x08, 0x00, 0x00, 0xFE, 0x0F, 0x42, 0x08, 0x42, 0x08, 0x42, 0x08, 0x42, 0x08, 0x42, 0x08, 0x42,
             - 0x08, 0x00, 0x00, 0x00, 0x00, 0x00, 0x00, 0x00, 0x00,  // Code for char E
 212          //         0x07, 0x00, 0x00, 0xFE, 0x0F, 0x42, 0x00, 0x42, 0x00, 0x42, 0x00, 0x42, 0x00, 0x02, 0x00, 0x00,
             - 0x00, 0x00, 0x00, 0x00, 0x00, 0x00, 0x00, 0x00, 0x00,  // Code for char F
 213          //         0x09, 0x00, 0x00, 0xF8, 0x03, 0x04, 0x04, 0x02, 0x08, 0x02, 0x08, 0x82, 0x08, 0x82, 0x08, 0x84,
             - 0x08, 0x98, 0x07, 0x00, 0x00, 0x00, 0x00, 0x00, 0x00,  // Code for char G
 214          //         0x08, 0x00, 0x00, 0xFE, 0x0F, 0x40, 0x00, 0x40, 0x00, 0x40, 0x00, 0x40, 0x00, 0x40, 0x00, 0xFE,
             - 0x0F, 0x00, 0x00, 0x00, 0x00, 0x00, 0x00, 0x00, 0x00,  // Code for char H
 215          //         0x02, 0x00, 0x00, 0xFE, 0x0F, 0x00, 0x00, 0x00, 0x00, 0x00, 0x00, 0x00, 0x00, 0x00, 0x00, 0x00,
             - 0x00, 0x00, 0x00, 0x00, 0x00, 0x00, 0x00, 0x00, 0x00,  // Code for char I
 216          //         0x06, 0x00, 0x00, 0x00, 0x07, 0x00, 0x08, 0x00, 0x08, 0x00, 0x08, 0xFE, 0x07, 0x00, 0x00, 0x00,
             - 0x00, 0x00, 0x00, 0x00, 0x00, 0x00, 0x00, 0x00, 0x00,  // Code for char J
 217          //         0x08, 0x00, 0x00, 0xFE, 0x0F, 0x40, 0x00, 0x20, 0x00, 0xD0, 0x00, 0x08, 0x01, 0x04, 0x06, 0x02,
             - 0x08, 0x00, 0x00, 0x00, 0x00, 0x00, 0x00, 0x00, 0x00,  // Code for char K
 218          //         0x07, 0x00, 0x00, 0xFE, 0x0F, 0x00, 0x08, 0x00, 0x08, 0x00, 0x08, 0x00, 0x08, 0x00, 0x08, 0x00,
             - 0x00, 0x00, 0x00, 0x00, 0x00, 0x00, 0x00, 0x00, 0x00,  // Code for char L
 219          //         0x0A, 0x00, 0x00, 0xFE, 0x0F, 0x06, 0x00, 0x78, 0x00, 0x80, 0x03, 0x00, 0x0C, 0x80, 0x03, 0x78,
             - 0x00, 0x06, 0x00, 0xFE, 0x0F, 0x00, 0x00, 0x00, 0x00,  // Code for char M
 220          //         0x08, 0x00, 0x00, 0xFE, 0x0F, 0x0C, 0x00, 0x30, 0x00, 0xC0, 0x00, 0x00, 0x01, 0x00, 0x06, 0xFE,
             - 0x0F, 0x00, 0x00, 0x00, 0x00, 0x00, 0x00, 0x00, 0x00,  // Code for char N
C51 COMPILER V9.60.7.0   FONTS                                                             09/18/2024 13:49:56 PAGE 8   

 221          //         0x09, 0x00, 0x00, 0xF8, 0x03, 0x04, 0x04, 0x02, 0x08, 0x02, 0x08, 0x02, 0x08, 0x02, 0x08, 0x04,
             - 0x04, 0xF8, 0x03, 0x00, 0x00, 0x00, 0x00, 0x00, 0x00,  // Code for char O
 222          //         0x08, 0x00, 0x00, 0xFE, 0x0F, 0x42, 0x00, 0x42, 0x00, 0x42, 0x00, 0x42, 0x00, 0x42, 0x00, 0x3C,
             - 0x00, 0x00, 0x00, 0x00, 0x00, 0x00, 0x00, 0x00, 0x00,  // Code for char P
 223          //         0x09, 0x00, 0x00, 0xF8, 0x03, 0x04, 0x04, 0x02, 0x08, 0x02, 0x08, 0x02, 0x0A, 0x02, 0x04, 0x04,
             - 0x06, 0xF8, 0x1B, 0x00, 0x00, 0x00, 0x00, 0x00, 0x00,  // Code for char Q
 224          //         0x09, 0x00, 0x00, 0xFE, 0x0F, 0x42, 0x00, 0x42, 0x00, 0x42, 0x00, 0xC2, 0x00, 0xC2, 0x01, 0x3C,
             - 0x06, 0x00, 0x08, 0x00, 0x00, 0x00, 0x00, 0x00, 0x00,  // Code for char R
 225          //         0x08, 0x00, 0x00, 0x18, 0x03, 0x24, 0x04, 0x42, 0x08, 0x42, 0x08, 0x42, 0x08, 0x84, 0x04, 0x18,
             - 0x03, 0x00, 0x00, 0x00, 0x00, 0x00, 0x00, 0x00, 0x00,  // Code for char S
 226          //         0x07, 0x02, 0x00, 0x02, 0x00, 0x02, 0x00, 0xFE, 0x0F, 0x02, 0x00, 0x02, 0x00, 0x02, 0x00, 0x00,
             - 0x00, 0x00, 0x00, 0x00, 0x00, 0x00, 0x00, 0x00, 0x00,  // Code for char T
 227          //         0x08, 0x00, 0x00, 0xFE, 0x03, 0x00, 0x04, 0x00, 0x08, 0x00, 0x08, 0x00, 0x08, 0x00, 0x04, 0xFE,
             - 0x03, 0x00, 0x00, 0x00, 0x00, 0x00, 0x00, 0x00, 0x00,  // Code for char U
 228          //         0x09, 0x02, 0x00, 0x1C, 0x00, 0xE0, 0x00, 0x00, 0x07, 0x00, 0x08, 0x00, 0x07, 0xE0, 0x00, 0x1C,
             - 0x00, 0x02, 0x00, 0x00, 0x00, 0x00, 0x00, 0x00, 0x00,  // Code for char V
 229          //         0x0B, 0x1E, 0x00, 0xE0, 0x03, 0x00, 0x0C, 0xC0, 0x03, 0x3C, 0x00, 0x02, 0x00, 0x3C, 0x00, 0xC0,
             - 0x03, 0x00, 0x0C, 0xE0, 0x03, 0x1E, 0x00, 0x00, 0x00,  // Code for char W
 230          //         0x08, 0x02, 0x08, 0x04, 0x04, 0x18, 0x03, 0xE0, 0x00, 0xA0, 0x00, 0x18, 0x03, 0x04, 0x04, 0x02,
             - 0x08, 0x00, 0x00, 0x00, 0x00, 0x00, 0x00, 0x00, 0x00,  // Code for char X
 231          //         0x09, 0x02, 0x00, 0x04, 0x00, 0x18, 0x00, 0x60, 0x00, 0x80, 0x0F, 0x60, 0x00, 0x18, 0x00, 0x04,
             - 0x00, 0x02, 0x00, 0x00, 0x00, 0x00, 0x00, 0x00, 0x00,  // Code for char Y
 232          //         0x07, 0x02, 0x0C, 0x02, 0x0A, 0x82, 0x09, 0x42, 0x08, 0x32, 0x08, 0x0A, 0x08, 0x06, 0x08, 0x00,
             - 0x00, 0x00, 0x00, 0x00, 0x00, 0x00, 0x00, 0x00, 0x00,  // Code for char Z
 233          //         0x03, 0x00, 0x00, 0xFE, 0x7F, 0x02, 0x40, 0x00, 0x00, 0x00, 0x00, 0x00, 0x00, 0x00, 0x00, 0x00,
             - 0x00, 0x00, 0x00, 0x00, 0x00, 0x00, 0x00, 0x00, 0x00,  // Code for char [
 234          //         0x04, 0x06, 0x00, 0x78, 0x00, 0x80, 0x03, 0x00, 0x0C, 0x00, 0x00, 0x00, 0x00, 0x00, 0x00, 0x00,
             - 0x00, 0x00, 0x00, 0x00, 0x00, 0x00, 0x00, 0x00, 0x00,  // Code for char BackSlash
 235          //         0x03, 0x00, 0x00, 0x02, 0x40, 0xFE, 0x7F, 0x00, 0x00, 0x00, 0x00, 0x00, 0x00, 0x00, 0x00, 0x00,
             - 0x00, 0x00, 0x00, 0x00, 0x00, 0x00, 0x00, 0x00, 0x00,  // Code for char ]
 236          //         0x05, 0x40, 0x00, 0x38, 0x00, 0x06, 0x00, 0x38, 0x00, 0x40, 0x00, 0x00, 0x00, 0x00, 0x00, 0x00,
             - 0x00, 0x00, 0x00, 0x00, 0x00, 0x00, 0x00, 0x00, 0x00,  // Code for char ^
 237          //         0x07, 0x00, 0x20, 0x00, 0x20, 0x00, 0x20, 0x00, 0x20, 0x00, 0x20, 0x00, 0x20, 0x00, 0x20, 0x00,
             - 0x00, 0x00, 0x00, 0x00, 0x00, 0x00, 0x00, 0x00, 0x00,  // Code for char _
 238          //         0x03, 0x00, 0x00, 0x02, 0x00, 0x04, 0x00, 0x00, 0x00, 0x00, 0x00, 0x00, 0x00, 0x00, 0x00, 0x00,
             - 0x00, 0x00, 0x00, 0x00, 0x00, 0x00, 0x00, 0x00, 0x00,  // Code for char `
 239          //         0x06, 0x00, 0x00, 0x60, 0x06, 0x10, 0x09, 0x10, 0x09, 0xA0, 0x04, 0xC0, 0x0F, 0x00, 0x00, 0x00,
             - 0x00, 0x00, 0x00, 0x00, 0x00, 0x00, 0x00, 0x00, 0x00,  // Code for char a
 240          //         0x07, 0x00, 0x00, 0xFE, 0x0F, 0x20, 0x04, 0x10, 0x08, 0x10, 0x08, 0x20, 0x04, 0xC0, 0x03, 0x00,
             - 0x00, 0x00, 0x00, 0x00, 0x00, 0x00, 0x00, 0x00, 0x00,  // Code for char b
 241          //         0x06, 0x00, 0x00, 0xC0, 0x03, 0x20, 0x04, 0x10, 0x08, 0x10, 0x08, 0x60, 0x06, 0x00, 0x00, 0x00,
             - 0x00, 0x00, 0x00, 0x00, 0x00, 0x00, 0x00, 0x00, 0x00,  // Code for char c
 242          //         0x07, 0x00, 0x00, 0xC0, 0x03, 0x20, 0x04, 0x10, 0x08, 0x10, 0x08, 0x20, 0x04, 0xFE, 0x0F, 0x00,
             - 0x00, 0x00, 0x00, 0x00, 0x00, 0x00, 0x00, 0x00, 0x00,  // Code for char d
 243          //         0x07, 0x00, 0x00, 0xC0, 0x03, 0xA0, 0x04, 0x90, 0x08, 0x90, 0x08, 0xA0, 0x04, 0xC0, 0x02, 0x00,
             - 0x00, 0x00, 0x00, 0x00, 0x00, 0x00, 0x00, 0x00, 0x00,  // Code for char e
 244          //         0x03, 0x10, 0x00, 0xFE, 0x0F, 0x12, 0x00, 0x00, 0x00, 0x00, 0x00, 0x00, 0x00, 0x00, 0x00, 0x00,
             - 0x00, 0x00, 0x00, 0x00, 0x00, 0x00, 0x00, 0x00, 0x00,  // Code for char f
 245          //         0x07, 0x00, 0x00, 0xC0, 0x33, 0x20, 0x44, 0x10, 0x48, 0x10, 0x48, 0x20, 0x24, 0xF0, 0x1F, 0x00,
             - 0x00, 0x00, 0x00, 0x00, 0x00, 0x00, 0x00, 0x00, 0x00,  // Code for char g
 246          //         0x06, 0x00, 0x00, 0xFE, 0x0F, 0x20, 0x00, 0x10, 0x00, 0x10, 0x00, 0xE0, 0x0F, 0x00, 0x00, 0x00,
             - 0x00, 0x00, 0x00, 0x00, 0x00, 0x00, 0x00, 0x00, 0x00,  // Code for char h
 247          //         0x02, 0x00, 0x00, 0xF2, 0x0F, 0x00, 0x00, 0x00, 0x00, 0x00, 0x00, 0x00, 0x00, 0x00, 0x00, 0x00,
             - 0x00, 0x00, 0x00, 0x00, 0x00, 0x00, 0x00, 0x00, 0x00,  // Code for char i
 248          //         0x02, 0x00, 0x40, 0xF2, 0x7F, 0x00, 0x00, 0x00, 0x00, 0x00, 0x00, 0x00, 0x00, 0x00, 0x00, 0x00,
             - 0x00, 0x00, 0x00, 0x00, 0x00, 0x00, 0x00, 0x00, 0x00,  // Code for char j
 249          //         0x06, 0x00, 0x00, 0xFE, 0x0F, 0x80, 0x00, 0xC0, 0x00, 0x20, 0x03, 0x10, 0x0C, 0x00, 0x00, 0x00,
             - 0x00, 0x00, 0x00, 0x00, 0x00, 0x00, 0x00, 0x00, 0x00,  // Code for char k
 250          //         0x02, 0x00, 0x00, 0xFE, 0x0F, 0x00, 0x00, 0x00, 0x00, 0x00, 0x00, 0x00, 0x00, 0x00, 0x00, 0x00,
             - 0x00, 0x00, 0x00, 0x00, 0x00, 0x00, 0x00, 0x00, 0x00,  // Code for char l
 251          //         0x0A, 0x00, 0x00, 0xF0, 0x0F, 0x20, 0x00, 0x10, 0x00, 0x10, 0x00, 0xE0, 0x0F, 0x30, 0x00, 0x10,
             - 0x00, 0x10, 0x00, 0xE0, 0x0F, 0x00, 0x00, 0x00, 0x00,  // Code for char m
C51 COMPILER V9.60.7.0   FONTS                                                             09/18/2024 13:49:56 PAGE 9   

 252          //         0x06, 0x00, 0x00, 0xF0, 0x0F, 0x20, 0x00, 0x10, 0x00, 0x10, 0x00, 0xE0, 0x0F, 0x00, 0x00, 0x00,
             - 0x00, 0x00, 0x00, 0x00, 0x00, 0x00, 0x00, 0x00, 0x00,  // Code for char n
 253          //         0x07, 0x00, 0x00, 0xC0, 0x03, 0x20, 0x04, 0x10, 0x08, 0x10, 0x08, 0x20, 0x04, 0xC0, 0x03, 0x00,
             - 0x00, 0x00, 0x00, 0x00, 0x00, 0x00, 0x00, 0x00, 0x00,  // Code for char o
 254          //         0x07, 0x00, 0x00, 0xF0, 0x7F, 0x20, 0x04, 0x10, 0x08, 0x10, 0x08, 0x20, 0x04, 0xC0, 0x03, 0x00,
             - 0x00, 0x00, 0x00, 0x00, 0x00, 0x00, 0x00, 0x00, 0x00,  // Code for char p
 255          //         0x07, 0x00, 0x00, 0xC0, 0x03, 0x20, 0x04, 0x10, 0x08, 0x10, 0x08, 0x20, 0x04, 0xF0, 0x7F, 0x00,
             - 0x00, 0x00, 0x00, 0x00, 0x00, 0x00, 0x00, 0x00, 0x00,  // Code for char q
 256          //         0x04, 0x00, 0x00, 0xF0, 0x0F, 0x20, 0x00, 0x10, 0x00, 0x00, 0x00, 0x00, 0x00, 0x00, 0x00, 0x00,
             - 0x00, 0x00, 0x00, 0x00, 0x00, 0x00, 0x00, 0x00, 0x00,  // Code for char r
 257          //         0x06, 0x00, 0x00, 0x60, 0x06, 0x90, 0x08, 0x90, 0x08, 0x10, 0x09, 0x20, 0x06, 0x00, 0x00, 0x00,
             - 0x00, 0x00, 0x00, 0x00, 0x00, 0x00, 0x00, 0x00, 0x00,  // Code for char s
 258          //         0x03, 0x10, 0x00, 0xFE, 0x0F, 0x10, 0x08, 0x00, 0x00, 0x00, 0x00, 0x00, 0x00, 0x00, 0x00, 0x00,
             - 0x00, 0x00, 0x00, 0x00, 0x00, 0x00, 0x00, 0x00, 0x00,  // Code for char t
 259          //         0x06, 0x00, 0x00, 0xF0, 0x07, 0x00, 0x08, 0x00, 0x08, 0x00, 0x04, 0xF0, 0x0F, 0x00, 0x00, 0x00,
             - 0x00, 0x00, 0x00, 0x00, 0x00, 0x00, 0x00, 0x00, 0x00,  // Code for char u
 260          //         0x07, 0x10, 0x00, 0xE0, 0x00, 0x00, 0x07, 0x00, 0x08, 0x00, 0x07, 0xE0, 0x00, 0x10, 0x00, 0x00,
             - 0x00, 0x00, 0x00, 0x00, 0x00, 0x00, 0x00, 0x00, 0x00,  // Code for char v
 261          //         0x09, 0x30, 0x00, 0xC0, 0x03, 0x00, 0x0C, 0xC0, 0x03, 0x30, 0x00, 0xC0, 0x03, 0x00, 0x0C, 0xC0,
             - 0x03, 0x30, 0x00, 0x00, 0x00, 0x00, 0x00, 0x00, 0x00,  // Code for char w
 262          //         0x06, 0x00, 0x00, 0x10, 0x08, 0x60, 0x06, 0x80, 0x01, 0x60, 0x06, 0x10, 0x08, 0x00, 0x00, 0x00,
             - 0x00, 0x00, 0x00, 0x00, 0x00, 0x00, 0x00, 0x00, 0x00,  // Code for char x
 263          //         0x07, 0x10, 0x00, 0xE0, 0x40, 0x00, 0x47, 0x00, 0x38, 0x00, 0x07, 0xE0, 0x00, 0x10, 0x00, 0x00,
             - 0x00, 0x00, 0x00, 0x00, 0x00, 0x00, 0x00, 0x00, 0x00,  // Code for char y
 264          //         0x06, 0x00, 0x00, 0x10, 0x0C, 0x10, 0x0A, 0x90, 0x09, 0x50, 0x08, 0x30, 0x08, 0x00, 0x00, 0x00,
             - 0x00, 0x00, 0x00, 0x00, 0x00, 0x00, 0x00, 0x00, 0x00,  // Code for char z
 265          //         0x03, 0x00, 0x01, 0xFE, 0x7E, 0x02, 0x40, 0x00, 0x00, 0x00, 0x00, 0x00, 0x00, 0x00, 0x00, 0x00,
             - 0x00, 0x00, 0x00, 0x00, 0x00, 0x00, 0x00, 0x00, 0x00,  // Code for char {
 266          //         0x02, 0x00, 0x00, 0xFE, 0xFF, 0x00, 0x00, 0x00, 0x00, 0x00, 0x00, 0x00, 0x00, 0x00, 0x00, 0x00,
             - 0x00, 0x00, 0x00, 0x00, 0x00, 0x00, 0x00, 0x00, 0x00,  // Code for char |
 267          //         0x03, 0x02, 0x40, 0xFE, 0x7E, 0x00, 0x01, 0x00, 0x00, 0x00, 0x00, 0x00, 0x00, 0x00, 0x00, 0x00,
             - 0x00, 0x00, 0x00, 0x00, 0x00, 0x00, 0x00, 0x00, 0x00,  // Code for char }
 268          //         0x07, 0x40, 0x00, 0x20, 0x00, 0x20, 0x00, 0x60, 0x00, 0x40, 0x00, 0x40, 0x00, 0x60, 0x00, 0x00,
             - 0x00, 0x00, 0x00, 0x00, 0x00, 0x00, 0x00, 0x00, 0x00,  // Code for char ~
 269          //         0x04, 0xFF, 0x0F, 0x01, 0x08, 0x01, 0x08, 0xFF, 0x0F, 0x00, 0x00, 0x00, 0x00, 0x00, 0x00, 0x00,
             - 0x00, 0x00, 0x00, 0x00, 0x00, 0x00, 0x00, 0x00, 0x00   // Code for char 
 270          //         };
 271          
 272          // const uint8_t Arial_Narrow15x19[] = {
 273          //    /* Offset, Width, Height, BPL */
 274          //    46,15,19,3,
 275          
 276          //         0x08, 0x00, 0x00, 0x00, 0x00, 0x00, 0x00, 0x00, 0x00, 0x00, 0x00, 0x00, 0x00, 0x00, 0x00, 0x00,
             - 0x00, 0x00, 0x00, 0x00, 0x00, 0x00, 0x00, 0x00, 0x00, 0x00, 0x00, 0x00, 0x00, 0x00, 0x00, 0x00, 0x00, 0x00, 0x00, 0x00,
             - 0x00, 0x00, 0x00, 0x00, 0x00, 0x00, 0x00, 0x00, 0x00, 0x00,  // Code for char
 277          //         0x02, 0x00, 0x00, 0x00, 0xFE, 0x47, 0x00, 0x00, 0x00, 0x00, 0x00, 0x00, 0x00, 0x00, 0x00, 0x00,
             - 0x00, 0x00, 0x00, 0x00, 0x00, 0x00, 0x00, 0x00, 0x00, 0x00, 0x00, 0x00, 0x00, 0x00, 0x00, 0x00, 0x00, 0x00, 0x00, 0x00,
             - 0x00, 0x00, 0x00, 0x00, 0x00, 0x00, 0x00, 0x00, 0x00, 0x00,  // Code for char !
 278          //         0x04, 0x00, 0x00, 0x00, 0x3E, 0x00, 0x00, 0x00, 0x00, 0x00, 0x3E, 0x00, 0x00, 0x00, 0x00, 0x00,
             - 0x00, 0x00, 0x00, 0x00, 0x00, 0x00, 0x00, 0x00, 0x00, 0x00, 0x00, 0x00, 0x00, 0x00, 0x00, 0x00, 0x00, 0x00, 0x00, 0x00,
             - 0x00, 0x00, 0x00, 0x00, 0x00, 0x00, 0x00, 0x00, 0x00, 0x00,  // Code for char "
 279          //         0x08, 0x20, 0x04, 0x00, 0x20, 0x74, 0x00, 0xF0, 0x0F, 0x00, 0x2E, 0x04, 0x00, 0x20, 0x74, 0x00,
             - 0xF0, 0x0F, 0x00, 0x2E, 0x04, 0x00, 0x20, 0x04, 0x00, 0x00, 0x00, 0x00, 0x00, 0x00, 0x00, 0x00, 0x00, 0x00, 0x00, 0x00,
             - 0x00, 0x00, 0x00, 0x00, 0x00, 0x00, 0x00, 0x00, 0x00, 0x00,  // Code for char #
 280          //         0x08, 0x00, 0x00, 0x00, 0x78, 0x18, 0x00, 0xC6, 0x20, 0x00, 0x82, 0x40, 0x00, 0xFF, 0xFF, 0x01,
             - 0x02, 0x41, 0x00, 0x06, 0x23, 0x00, 0x0C, 0x1E, 0x00, 0x00, 0x00, 0x00, 0x00, 0x00, 0x00, 0x00, 0x00, 0x00, 0x00, 0x00,
             - 0x00, 0x00, 0x00, 0x00, 0x00, 0x00, 0x00, 0x00, 0x00, 0x00,  // Code for char $
 281          //         0x0B, 0x00, 0x00, 0x00, 0x7C, 0x00, 0x00, 0x82, 0x00, 0x00, 0x82, 0x40, 0x00, 0x7C, 0x38, 0x00,
             - 0x00, 0x07, 0x00, 0xE0, 0x00, 0x00, 0x18, 0x3E, 0x00, 0x06, 0x41, 0x00, 0x00, 0x41, 0x00, 0x00, 0x3E, 0x00, 0x00, 0x00,
             - 0x00, 0x00, 0x00, 0x00, 0x00, 0x00, 0x00, 0x00, 0x00, 0x00,  // Code for char %
 282          //         0x0B, 0x00, 0x00, 0x00, 0x00, 0x1F, 0x00, 0xBC, 0x21, 0x00, 0xC6, 0x40, 0x00, 0xC2, 0x41, 0x00,
             - 0x42, 0x42, 0x00, 0x66, 0x64, 0x00, 0x3C, 0x3C, 0x00, 0x00, 0x2E, 0x00, 0x00, 0x63, 0x00, 0x00, 0x40, 0x00, 0x00, 0x00,
C51 COMPILER V9.60.7.0   FONTS                                                             09/18/2024 13:49:56 PAGE 10  

             - 0x00, 0x00, 0x00, 0x00, 0x00, 0x00, 0x00, 0x00, 0x00, 0x00,  // Code for char &
 283          //         0x02, 0x00, 0x00, 0x00, 0x3E, 0x00, 0x00, 0x00, 0x00, 0x00, 0x00, 0x00, 0x00, 0x00, 0x00, 0x00,
             - 0x00, 0x00, 0x00, 0x00, 0x00, 0x00, 0x00, 0x00, 0x00, 0x00, 0x00, 0x00, 0x00, 0x00, 0x00, 0x00, 0x00, 0x00, 0x00, 0x00,
             - 0x00, 0x00, 0x00, 0x00, 0x00, 0x00, 0x00, 0x00, 0x00, 0x00,  // Code for char '
 284          //         0x05, 0x00, 0x00, 0x00, 0x00, 0x00, 0x00, 0xE0, 0x7F, 0x00, 0x1C, 0xC0, 0x03, 0x02, 0x00, 0x04,
             - 0x00, 0x00, 0x00, 0x00, 0x00, 0x00, 0x00, 0x00, 0x00, 0x00, 0x00, 0x00, 0x00, 0x00, 0x00, 0x00, 0x00, 0x00, 0x00, 0x00,
             - 0x00, 0x00, 0x00, 0x00, 0x00, 0x00, 0x00, 0x00, 0x00, 0x00,  // Code for char (
 285          //         0x03, 0x02, 0x00, 0x04, 0x1C, 0xC0, 0x03, 0xE0, 0x7F, 0x00, 0x00, 0x00, 0x00, 0x00, 0x00, 0x00,
             - 0x00, 0x00, 0x00, 0x00, 0x00, 0x00, 0x00, 0x00, 0x00, 0x00, 0x00, 0x00, 0x00, 0x00, 0x00, 0x00, 0x00, 0x00, 0x00, 0x00,
             - 0x00, 0x00, 0x00, 0x00, 0x00, 0x00, 0x00, 0x00, 0x00, 0x00,  // Code for char )
 286          //         0x05, 0x04, 0x00, 0x00, 0x34, 0x00, 0x00, 0x0E, 0x00, 0x00, 0x34, 0x00, 0x00, 0x04, 0x00, 0x00,
             - 0x00, 0x00, 0x00, 0x00, 0x00, 0x00, 0x00, 0x00, 0x00, 0x00, 0x00, 0x00, 0x00, 0x00, 0x00, 0x00, 0x00, 0x00, 0x00, 0x00,
             - 0x00, 0x00, 0x00, 0x00, 0x00, 0x00, 0x00, 0x00, 0x00, 0x00,  // Code for char *
 287          //         0x0A, 0x00, 0x00, 0x00, 0x00, 0x02, 0x00, 0x00, 0x02, 0x00, 0x00, 0x02, 0x00, 0x00, 0x02, 0x00,
             - 0xC0, 0x1F, 0x00, 0x00, 0x02, 0x00, 0x00, 0x02, 0x00, 0x00, 0x02, 0x00, 0x00, 0x02, 0x00, 0x00, 0x00, 0x00, 0x00, 0x00,
             - 0x00, 0x00, 0x00, 0x00, 0x00, 0x00, 0x00, 0x00, 0x00, 0x00,  // Code for char +
 288          //         0x02, 0x00, 0x00, 0x02, 0x00, 0xC0, 0x01, 0x00, 0x00, 0x00, 0x00, 0x00, 0x00, 0x00, 0x00, 0x00,
             - 0x00, 0x00, 0x00, 0x00, 0x00, 0x00, 0x00, 0x00, 0x00, 0x00, 0x00, 0x00, 0x00, 0x00, 0x00, 0x00, 0x00, 0x00, 0x00, 0x00,
             - 0x00, 0x00, 0x00, 0x00, 0x00, 0x00, 0x00, 0x00, 0x00, 0x00,  // Code for char ,
 289          //         0x04, 0x00, 0x04, 0x00, 0x00, 0x04, 0x00, 0x00, 0x04, 0x00, 0x00, 0x04, 0x00, 0x00, 0x00, 0x00,
             - 0x00, 0x00, 0x00, 0x00, 0x00, 0x00, 0x00, 0x00, 0x00, 0x00, 0x00, 0x00, 0x00, 0x00, 0x00, 0x00, 0x00, 0x00, 0x00, 0x00,
             - 0x00, 0x00, 0x00, 0x00, 0x00, 0x00, 0x00, 0x00, 0x00, 0x00,  // Code for char -
 290          //         0x02, 0x00, 0x00, 0x00, 0x00, 0x40, 0x00, 0x00, 0x00, 0x00, 0x00, 0x00, 0x00, 0x00, 0x00, 0x00,
             - 0x00, 0x00, 0x00, 0x00, 0x00, 0x00, 0x00, 0x00, 0x00, 0x00, 0x00, 0x00, 0x00, 0x00, 0x00, 0x00, 0x00, 0x00, 0x00, 0x00,
             - 0x00, 0x00, 0x00, 0x00, 0x00, 0x00, 0x00, 0x00, 0x00, 0x00,  // Code for char .
 291          //         0x04, 0x00, 0x40, 0x00, 0x00, 0x3E, 0x00, 0xE0, 0x01, 0x00, 0x1E, 0x00, 0x00, 0x00, 0x00, 0x00,
             - 0x00, 0x00, 0x00, 0x00, 0x00, 0x00, 0x00, 0x00, 0x00, 0x00, 0x00, 0x00, 0x00, 0x00, 0x00, 0x00, 0x00, 0x00, 0x00, 0x00,
             - 0x00, 0x00, 0x00, 0x00, 0x00, 0x00, 0x00, 0x00, 0x00, 0x00,  // Code for char /
 292          //         0x08, 0xF8, 0x0F, 0x00, 0x06, 0x30, 0x00, 0x03, 0x60, 0x00, 0x01, 0x40, 0x00, 0x01, 0x40, 0x00,
             - 0x03, 0x60, 0x00, 0x06, 0x30, 0x00, 0xF8, 0x0F, 0x00, 0x00, 0x00, 0x00, 0x00, 0x00, 0x00, 0x00, 0x00, 0x00, 0x00, 0x00,
             - 0x00, 0x00, 0x00, 0x00, 0x00, 0x00, 0x00, 0x00, 0x00, 0x00,  // Code for char 0
 293          //         0x05, 0x00, 0x00, 0x00, 0x10, 0x00, 0x00, 0x08, 0x00, 0x00, 0x04, 0x00, 0x00, 0xFF, 0x7F, 0x00,
             - 0x00, 0x00, 0x00, 0x00, 0x00, 0x00, 0x00, 0x00, 0x00, 0x00, 0x00, 0x00, 0x00, 0x00, 0x00, 0x00, 0x00, 0x00, 0x00, 0x00,
             - 0x00, 0x00, 0x00, 0x00, 0x00, 0x00, 0x00, 0x00, 0x00, 0x00,  // Code for char 1
 294          //         0x08, 0x0C, 0x60, 0x00, 0x02, 0x50, 0x00, 0x01, 0x48, 0x00, 0x01, 0x44, 0x00, 0x01, 0x42, 0x00,
             - 0x81, 0x41, 0x00, 0xC2, 0x40, 0x00, 0x3C, 0x40, 0x00, 0x00, 0x00, 0x00, 0x00, 0x00, 0x00, 0x00, 0x00, 0x00, 0x00, 0x00,
             - 0x00, 0x00, 0x00, 0x00, 0x00, 0x00, 0x00, 0x00, 0x00, 0x00,  // Code for char 2
 295          //         0x08, 0x04, 0x18, 0x00, 0x02, 0x20, 0x00, 0x01, 0x40, 0x00, 0x81, 0x40, 0x00, 0x81, 0x40, 0x00,
             - 0x81, 0x40, 0x00, 0xC2, 0x21, 0x00, 0x3C, 0x1F, 0x00, 0x00, 0x00, 0x00, 0x00, 0x00, 0x00, 0x00, 0x00, 0x00, 0x00, 0x00,
             - 0x00, 0x00, 0x00, 0x00, 0x00, 0x00, 0x00, 0x00, 0x00, 0x00,  // Code for char 3
 296          //         0x08, 0x00, 0x06, 0x00, 0x80, 0x05, 0x00, 0x40, 0x04, 0x00, 0x30, 0x04, 0x00, 0x0C, 0x04, 0x00,
             - 0xFF, 0x7F, 0x00, 0x00, 0x04, 0x00, 0x00, 0x04, 0x00, 0x00, 0x00, 0x00, 0x00, 0x00, 0x00, 0x00, 0x00, 0x00, 0x00, 0x00,
             - 0x00, 0x00, 0x00, 0x00, 0x00, 0x00, 0x00, 0x00, 0x00, 0x00,  // Code for char 4
 297          //         0x08, 0xF0, 0x18, 0x00, 0x6F, 0x20, 0x00, 0x21, 0x40, 0x00, 0x21, 0x40, 0x00, 0x21, 0x40, 0x00,
             - 0x61, 0x60, 0x00, 0xC1, 0x30, 0x00, 0x81, 0x0F, 0x00, 0x00, 0x00, 0x00, 0x00, 0x00, 0x00, 0x00, 0x00, 0x00, 0x00, 0x00,
             - 0x00, 0x00, 0x00, 0x00, 0x00, 0x00, 0x00, 0x00, 0x00, 0x00,  // Code for char 5
 298          //         0x08, 0xF8, 0x0F, 0x00, 0x86, 0x30, 0x00, 0x42, 0x60, 0x00, 0x41, 0x40, 0x00, 0x41, 0x40, 0x00,
             - 0x41, 0x40, 0x00, 0x82, 0x20, 0x00, 0x04, 0x1F, 0x00, 0x00, 0x00, 0x00, 0x00, 0x00, 0x00, 0x00, 0x00, 0x00, 0x00, 0x00,
             - 0x00, 0x00, 0x00, 0x00, 0x00, 0x00, 0x00, 0x00, 0x00, 0x00,  // Code for char 6
 299          //         0x08, 0x01, 0x00, 0x00, 0x01, 0x00, 0x00, 0x01, 0x78, 0x00, 0x01, 0x07, 0x00, 0xE1, 0x00, 0x00,
             - 0x39, 0x00, 0x00, 0x0D, 0x00, 0x00, 0x03, 0x00, 0x00, 0x00, 0x00, 0x00, 0x00, 0x00, 0x00, 0x00, 0x00, 0x00, 0x00, 0x00,
             - 0x00, 0x00, 0x00, 0x00, 0x00, 0x00, 0x00, 0x00, 0x00, 0x00,  // Code for char 7
 300          //         0x08, 0x3C, 0x1F, 0x00, 0xC2, 0x21, 0x00, 0x81, 0x40, 0x00, 0x81, 0x40, 0x00, 0x81, 0x40, 0x00,
             - 0x81, 0x40, 0x00, 0xC2, 0x21, 0x00, 0x7C, 0x1F, 0x00, 0x00, 0x00, 0x00, 0x00, 0x00, 0x00, 0x00, 0x00, 0x00, 0x00, 0x00,
             - 0x00, 0x00, 0x00, 0x00, 0x00, 0x00, 0x00, 0x00, 0x00, 0x00,  // Code for char 8
 301          //         0x08, 0x7C, 0x10, 0x00, 0x86, 0x20, 0x00, 0x03, 0x41, 0x00, 0x01, 0x41, 0x00, 0x01, 0x41, 0x00,
             - 0x01, 0x21, 0x00, 0x86, 0x38, 0x00, 0xF8, 0x07, 0x00, 0x00, 0x00, 0x00, 0x00, 0x00, 0x00, 0x00, 0x00, 0x00, 0x00, 0x00,
             - 0x00, 0x00, 0x00, 0x00, 0x00, 0x00, 0x00, 0x00, 0x00, 0x00,  // Code for char 9
 302          //         0x02, 0x00, 0x00, 0x00, 0x20, 0x40, 0x00, 0x00, 0x00, 0x00, 0x00, 0x00, 0x00, 0x00, 0x00, 0x00,
             - 0x00, 0x00, 0x00, 0x00, 0x00, 0x00, 0x00, 0x00, 0x00, 0x00, 0x00, 0x00, 0x00, 0x00, 0x00, 0x00, 0x00, 0x00, 0x00, 0x00,
             - 0x00, 0x00, 0x00, 0x00, 0x00, 0x00, 0x00, 0x00, 0x00, 0x00,  // Code for char :
 303          //         0x02, 0x00, 0x00, 0x02, 0x20, 0xC0, 0x01, 0x00, 0x00, 0x00, 0x00, 0x00, 0x00, 0x00, 0x00, 0x00,
C51 COMPILER V9.60.7.0   FONTS                                                             09/18/2024 13:49:56 PAGE 11  

             - 0x00, 0x00, 0x00, 0x00, 0x00, 0x00, 0x00, 0x00, 0x00, 0x00, 0x00, 0x00, 0x00, 0x00, 0x00, 0x00, 0x00, 0x00, 0x00, 0x00,
             - 0x00, 0x00, 0x00, 0x00, 0x00, 0x00, 0x00, 0x00, 0x00, 0x00,  // Code for char ;
 304          //         0x08, 0x00, 0x00, 0x00, 0x00, 0x01, 0x00, 0x80, 0x02, 0x00, 0x80, 0x02, 0x00, 0x40, 0x04, 0x00,
             - 0x20, 0x08, 0x00, 0x20, 0x08, 0x00, 0x10, 0x10, 0x00, 0x00, 0x00, 0x00, 0x00, 0x00, 0x00, 0x00, 0x00, 0x00, 0x00, 0x00,
             - 0x00, 0x00, 0x00, 0x00, 0x00, 0x00, 0x00, 0x00, 0x00, 0x00,  // Code for char <
 305          //         0x08, 0x00, 0x00, 0x00, 0x40, 0x04, 0x00, 0x40, 0x04, 0x00, 0x40, 0x04, 0x00, 0x40, 0x04, 0x00,
             - 0x40, 0x04, 0x00, 0x40, 0x04, 0x00, 0x40, 0x04, 0x00, 0x00, 0x00, 0x00, 0x00, 0x00, 0x00, 0x00, 0x00, 0x00, 0x00, 0x00,
             - 0x00, 0x00, 0x00, 0x00, 0x00, 0x00, 0x00, 0x00, 0x00, 0x00,  // Code for char =
 306          //         0x08, 0x00, 0x00, 0x00, 0x10, 0x10, 0x00, 0x20, 0x08, 0x00, 0x20, 0x08, 0x00, 0x40, 0x04, 0x00,
             - 0x80, 0x02, 0x00, 0x80, 0x02, 0x00, 0x00, 0x01, 0x00, 0x00, 0x00, 0x00, 0x00, 0x00, 0x00, 0x00, 0x00, 0x00, 0x00, 0x00,
             - 0x00, 0x00, 0x00, 0x00, 0x00, 0x00, 0x00, 0x00, 0x00, 0x00,  // Code for char >
 307          //         0x07, 0x18, 0x00, 0x00, 0x04, 0x00, 0x00, 0x02, 0x00, 0x00, 0x02, 0x5C, 0x00, 0x02, 0x03, 0x00,
             - 0x84, 0x01, 0x00, 0x78, 0x00, 0x00, 0x00, 0x00, 0x00, 0x00, 0x00, 0x00, 0x00, 0x00, 0x00, 0x00, 0x00, 0x00, 0x00, 0x00,
             - 0x00, 0x00, 0x00, 0x00, 0x00, 0x00, 0x00, 0x00, 0x00, 0x00,  // Code for char ?
 308          //         0x0F, 0x00, 0x00, 0x00, 0x80, 0x3F, 0x00, 0x60, 0xC0, 0x00, 0x18, 0x00, 0x01, 0x0C, 0x1F, 0x02,
             - 0xC4, 0x60, 0x02, 0x62, 0x40, 0x04, 0x22, 0x40, 0x04, 0x22, 0x20, 0x04, 0x42, 0x38, 0x04, 0xE2, 0x47, 0x04, 0x04, 0x40,
             - 0x02, 0x0C, 0x20, 0x02, 0x38, 0x18, 0x01, 0xE0, 0x87, 0x00,  // Code for char @
 309          //         0x0B, 0x00, 0x40, 0x00, 0x00, 0x38, 0x00, 0x00, 0x07, 0x00, 0xE0, 0x02, 0x00, 0x1C, 0x02, 0x00,
             - 0x02, 0x02, 0x00, 0x1C, 0x02, 0x00, 0xE0, 0x02, 0x00, 0x00, 0x07, 0x00, 0x00, 0x38, 0x00, 0x00, 0x40, 0x00, 0x00, 0x00,
             - 0x00, 0x00, 0x00, 0x00, 0x00, 0x00, 0x00, 0x00, 0x00, 0x00,  // Code for char A
 310          //         0x09, 0x00, 0x00, 0x00, 0xFE, 0x7F, 0x00, 0x82, 0x40, 0x00, 0x82, 0x40, 0x00, 0x82, 0x40, 0x00,
             - 0x82, 0x40, 0x00, 0x82, 0x40, 0x00, 0xC4, 0x21, 0x00, 0x78, 0x1F, 0x00, 0x00, 0x00, 0x00, 0x00, 0x00, 0x00, 0x00, 0x00,
             - 0x00, 0x00, 0x00, 0x00, 0x00, 0x00, 0x00, 0x00, 0x00, 0x00,  // Code for char B
 311          //         0x0A, 0x00, 0x00, 0x00, 0xE0, 0x07, 0x00, 0x18, 0x18, 0x00, 0x04, 0x20, 0x00, 0x02, 0x40, 0x00,
             - 0x02, 0x40, 0x00, 0x02, 0x40, 0x00, 0x02, 0x40, 0x00, 0x04, 0x20, 0x00, 0x18, 0x1C, 0x00, 0x00, 0x00, 0x00, 0x00, 0x00,
             - 0x00, 0x00, 0x00, 0x00, 0x00, 0x00, 0x00, 0x00, 0x00, 0x00,  // Code for char C
 312          //         0x0A, 0x00, 0x00, 0x00, 0xFE, 0x7F, 0x00, 0x02, 0x40, 0x00, 0x02, 0x40, 0x00, 0x02, 0x40, 0x00,
             - 0x02, 0x40, 0x00, 0x02, 0x40, 0x00, 0x04, 0x20, 0x00, 0x0C, 0x18, 0x00, 0xF0, 0x0F, 0x00, 0x00, 0x00, 0x00, 0x00, 0x00,
             - 0x00, 0x00, 0x00, 0x00, 0x00, 0x00, 0x00, 0x00, 0x00, 0x00,  // Code for char D
 313          //         0x09, 0x00, 0x00, 0x00, 0xFE, 0x7F, 0x00, 0x82, 0x40, 0x00, 0x82, 0x40, 0x00, 0x82, 0x40, 0x00,
             - 0x82, 0x40, 0x00, 0x82, 0x40, 0x00, 0x82, 0x40, 0x00, 0x82, 0x40, 0x00, 0x00, 0x00, 0x00, 0x00, 0x00, 0x00, 0x00, 0x00,
             - 0x00, 0x00, 0x00, 0x00, 0x00, 0x00, 0x00, 0x00, 0x00, 0x00,  // Code for char E
 314          //         0x09, 0x00, 0x00, 0x00, 0xFE, 0x7F, 0x00, 0x82, 0x00, 0x00, 0x82, 0x00, 0x00, 0x82, 0x00, 0x00,
             - 0x82, 0x00, 0x00, 0x82, 0x00, 0x00, 0x82, 0x00, 0x00, 0x02, 0x00, 0x00, 0x00, 0x00, 0x00, 0x00, 0x00, 0x00, 0x00, 0x00,
             - 0x00, 0x00, 0x00, 0x00, 0x00, 0x00, 0x00, 0x00, 0x00, 0x00,  // Code for char F
 315          //         0x0B, 0x00, 0x00, 0x00, 0xE0, 0x07, 0x00, 0x18, 0x18, 0x00, 0x04, 0x20, 0x00, 0x02, 0x40, 0x00,
             - 0x02, 0x40, 0x00, 0x02, 0x41, 0x00, 0x02, 0x41, 0x00, 0x02, 0x61, 0x00, 0x04, 0x21, 0x00, 0x18, 0x3F, 0x00, 0x00, 0x00,
             - 0x00, 0x00, 0x00, 0x00, 0x00, 0x00, 0x00, 0x00, 0x00, 0x00,  // Code for char G
 316          //         0x0A, 0x00, 0x00, 0x00, 0xFE, 0x7F, 0x00, 0x80, 0x00, 0x00, 0x80, 0x00, 0x00, 0x80, 0x00, 0x00,
             - 0x80, 0x00, 0x00, 0x80, 0x00, 0x00, 0x80, 0x00, 0x00, 0x80, 0x00, 0x00, 0xFE, 0x7F, 0x00, 0x00, 0x00, 0x00, 0x00, 0x00,
             - 0x00, 0x00, 0x00, 0x00, 0x00, 0x00, 0x00, 0x00, 0x00, 0x00,  // Code for char H
 317          //         0x02, 0x00, 0x00, 0x00, 0xFE, 0x7F, 0x00, 0x00, 0x00, 0x00, 0x00, 0x00, 0x00, 0x00, 0x00, 0x00,
             - 0x00, 0x00, 0x00, 0x00, 0x00, 0x00, 0x00, 0x00, 0x00, 0x00, 0x00, 0x00, 0x00, 0x00, 0x00, 0x00, 0x00, 0x00, 0x00, 0x00,
             - 0x00, 0x00, 0x00, 0x00, 0x00, 0x00, 0x00, 0x00, 0x00, 0x00,  // Code for char I
 318          //         0x07, 0x00, 0x00, 0x00, 0x00, 0x38, 0x00, 0x00, 0x40, 0x00, 0x00, 0x40, 0x00, 0x00, 0x40, 0x00,
             - 0x00, 0x40, 0x00, 0xFE, 0x3F, 0x00, 0x00, 0x00, 0x00, 0x00, 0x00, 0x00, 0x00, 0x00, 0x00, 0x00, 0x00, 0x00, 0x00, 0x00,
             - 0x00, 0x00, 0x00, 0x00, 0x00, 0x00, 0x00, 0x00, 0x00, 0x00,  // Code for char J
 319          //         0x0A, 0x00, 0x00, 0x00, 0xFE, 0x7F, 0x00, 0x00, 0x03, 0x00, 0x80, 0x00, 0x00, 0xC0, 0x00, 0x00,
             - 0x20, 0x01, 0x00, 0x10, 0x06, 0x00, 0x08, 0x18, 0x00, 0x06, 0x20, 0x00, 0x00, 0x40, 0x00, 0x00, 0x00, 0x00, 0x00, 0x00,
             - 0x00, 0x00, 0x00, 0x00, 0x00, 0x00, 0x00, 0x00, 0x00, 0x00,  // Code for char K
 320          //         0x08, 0x00, 0x00, 0x00, 0xFE, 0x7F, 0x00, 0x00, 0x40, 0x00, 0x00, 0x40, 0x00, 0x00, 0x40, 0x00,
             - 0x00, 0x40, 0x00, 0x00, 0x40, 0x00, 0x00, 0x40, 0x00, 0x00, 0x00, 0x00, 0x00, 0x00, 0x00, 0x00, 0x00, 0x00, 0x00, 0x00,
             - 0x00, 0x00, 0x00, 0x00, 0x00, 0x00, 0x00, 0x00, 0x00, 0x00,  // Code for char L
 321          //         0x0C, 0x00, 0x00, 0x00, 0xFE, 0x7F, 0x00, 0x06, 0x00, 0x00, 0x38, 0x00, 0x00, 0xC0, 0x03, 0x00,
             - 0x00, 0x1C, 0x00, 0x00, 0x60, 0x00, 0x00, 0x1C, 0x00, 0x80, 0x03, 0x00, 0x70, 0x00, 0x00, 0x0E, 0x00, 0x00, 0xFE, 0x7F,
             - 0x00, 0x00, 0x00, 0x00, 0x00, 0x00, 0x00, 0x00, 0x00, 0x00,  // Code for char M
 322          //         0x0A, 0x00, 0x00, 0x00, 0xFE, 0x7F, 0x00, 0x04, 0x00, 0x00, 0x18, 0x00, 0x00, 0x60, 0x00, 0x00,
             - 0x80, 0x01, 0x00, 0x00, 0x06, 0x00, 0x00, 0x18, 0x00, 0x00, 0x20, 0x00, 0xFE, 0x7F, 0x00, 0x00, 0x00, 0x00, 0x00, 0x00,
             - 0x00, 0x00, 0x00, 0x00, 0x00, 0x00, 0x00, 0x00, 0x00, 0x00,  // Code for char N
 323          //         0x0B, 0x00, 0x00, 0x00, 0xE0, 0x07, 0x00, 0x18, 0x18, 0x00, 0x04, 0x20, 0x00, 0x02, 0x40, 0x00,
             - 0x02, 0x40, 0x00, 0x02, 0x40, 0x00, 0x02, 0x40, 0x00, 0x04, 0x20, 0x00, 0x18, 0x18, 0x00, 0xE0, 0x07, 0x00, 0x00, 0x00,
             - 0x00, 0x00, 0x00, 0x00, 0x00, 0x00, 0x00, 0x00, 0x00, 0x00,  // Code for char O
C51 COMPILER V9.60.7.0   FONTS                                                             09/18/2024 13:49:56 PAGE 12  

 324          //         0x09, 0x00, 0x00, 0x00, 0xFE, 0x7F, 0x00, 0x02, 0x01, 0x00, 0x02, 0x01, 0x00, 0x02, 0x01, 0x00,
             - 0x02, 0x01, 0x00, 0x02, 0x01, 0x00, 0x86, 0x00, 0x00, 0x78, 0x00, 0x00, 0x00, 0x00, 0x00, 0x00, 0x00, 0x00, 0x00, 0x00,
             - 0x00, 0x00, 0x00, 0x00, 0x00, 0x00, 0x00, 0x00, 0x00, 0x00,  // Code for char P
 325          //         0x0B, 0x00, 0x00, 0x00, 0xE0, 0x07, 0x00, 0x18, 0x18, 0x00, 0x04, 0x20, 0x00, 0x02, 0x40, 0x00,
             - 0x02, 0x40, 0x00, 0x02, 0x58, 0x00, 0x02, 0x70, 0x00, 0x04, 0x20, 0x00, 0x18, 0x78, 0x00, 0xE0, 0xCF, 0x00, 0x00, 0x00,
             - 0x00, 0x00, 0x00, 0x00, 0x00, 0x00, 0x00, 0x00, 0x00, 0x00,  // Code for char Q
 326          //         0x0B, 0x00, 0x00, 0x00, 0xFE, 0x7F, 0x00, 0x02, 0x01, 0x00, 0x02, 0x01, 0x00, 0x02, 0x01, 0x00,
             - 0x02, 0x01, 0x00, 0x02, 0x01, 0x00, 0x02, 0x07, 0x00, 0x86, 0x0C, 0x00, 0x78, 0x30, 0x00, 0x00, 0x40, 0x00, 0x00, 0x00,
             - 0x00, 0x00, 0x00, 0x00, 0x00, 0x00, 0x00, 0x00, 0x00, 0x00,  // Code for char R
 327          //         0x09, 0x00, 0x00, 0x00, 0x38, 0x18, 0x00, 0x44, 0x20, 0x00, 0x82, 0x40, 0x00, 0x82, 0x40, 0x00,
             - 0x02, 0x41, 0x00, 0x02, 0x41, 0x00, 0x04, 0x22, 0x00, 0x18, 0x1C, 0x00, 0x00, 0x00, 0x00, 0x00, 0x00, 0x00, 0x00, 0x00,
             - 0x00, 0x00, 0x00, 0x00, 0x00, 0x00, 0x00, 0x00, 0x00, 0x00,  // Code for char S
 328          //         0x09, 0x02, 0x00, 0x00, 0x02, 0x00, 0x00, 0x02, 0x00, 0x00, 0x02, 0x00, 0x00, 0xFE, 0x7F, 0x00,
             - 0x02, 0x00, 0x00, 0x02, 0x00, 0x00, 0x02, 0x00, 0x00, 0x02, 0x00, 0x00, 0x00, 0x00, 0x00, 0x00, 0x00, 0x00, 0x00, 0x00,
             - 0x00, 0x00, 0x00, 0x00, 0x00, 0x00, 0x00, 0x00, 0x00, 0x00,  // Code for char T
 329          //         0x0A, 0x00, 0x00, 0x00, 0xFE, 0x1F, 0x00, 0x00, 0x20, 0x00, 0x00, 0x40, 0x00, 0x00, 0x40, 0x00,
             - 0x00, 0x40, 0x00, 0x00, 0x40, 0x00, 0x00, 0x40, 0x00, 0x00, 0x20, 0x00, 0xFE, 0x1F, 0x00, 0x00, 0x00, 0x00, 0x00, 0x00,
             - 0x00, 0x00, 0x00, 0x00, 0x00, 0x00, 0x00, 0x00, 0x00, 0x00,  // Code for char U
 330          //         0x0B, 0x02, 0x00, 0x00, 0x1C, 0x00, 0x00, 0xE0, 0x00, 0x00, 0x00, 0x07, 0x00, 0x00, 0x38, 0x00,
             - 0x00, 0x40, 0x00, 0x00, 0x38, 0x00, 0x00, 0x07, 0x00, 0xE0, 0x00, 0x00, 0x1C, 0x00, 0x00, 0x02, 0x00, 0x00, 0x00, 0x00,
             - 0x00, 0x00, 0x00, 0x00, 0x00, 0x00, 0x00, 0x00, 0x00, 0x00,  // Code for char V
 331          //         0x0E, 0x00, 0x00, 0x00, 0x3E, 0x00, 0x00, 0xC0, 0x1F, 0x00, 0x00, 0x60, 0x00, 0x00, 0x1C, 0x00,
             - 0xC0, 0x03, 0x00, 0x38, 0x00, 0x00, 0x06, 0x00, 0x00, 0x38, 0x00, 0x00, 0xC0, 0x03, 0x00, 0x00, 0x1E, 0x00, 0x00, 0x60,
             - 0x00, 0xC0, 0x1F, 0x00, 0x3E, 0x00, 0x00, 0x00, 0x00, 0x00,  // Code for char W
 332          //         0x0A, 0x02, 0x40, 0x00, 0x04, 0x20, 0x00, 0x18, 0x18, 0x00, 0x20, 0x04, 0x00, 0xC0, 0x03, 0x00,
             - 0xC0, 0x03, 0x00, 0x20, 0x04, 0x00, 0x18, 0x18, 0x00, 0x04, 0x20, 0x00, 0x02, 0x40, 0x00, 0x00, 0x00, 0x00, 0x00, 0x00,
             - 0x00, 0x00, 0x00, 0x00, 0x00, 0x00, 0x00, 0x00, 0x00, 0x00,  // Code for char X
 333          //         0x09, 0x02, 0x00, 0x00, 0x0C, 0x00, 0x00, 0x30, 0x00, 0x00, 0xC0, 0x00, 0x00, 0x00, 0x7F, 0x00,
             - 0xC0, 0x00, 0x00, 0x30, 0x00, 0x00, 0x0C, 0x00, 0x00, 0x02, 0x00, 0x00, 0x00, 0x00, 0x00, 0x00, 0x00, 0x00, 0x00, 0x00,
             - 0x00, 0x00, 0x00, 0x00, 0x00, 0x00, 0x00, 0x00, 0x00, 0x00,  // Code for char Y
 334          //         0x09, 0x02, 0x60, 0x00, 0x02, 0x50, 0x00, 0x02, 0x4C, 0x00, 0x02, 0x42, 0x00, 0x82, 0x41, 0x00,
             - 0x42, 0x40, 0x00, 0x32, 0x40, 0x00, 0x0A, 0x40, 0x00, 0x06, 0x40, 0x00, 0x00, 0x00, 0x00, 0x00, 0x00, 0x00, 0x00, 0x00,
             - 0x00, 0x00, 0x00, 0x00, 0x00, 0x00, 0x00, 0x00, 0x00, 0x00,  // Code for char Z
 335          //         0x04, 0x00, 0x00, 0x00, 0xFE, 0xFF, 0x07, 0x02, 0x00, 0x04, 0x02, 0x00, 0x04, 0x00, 0x00, 0x00,
             - 0x00, 0x00, 0x00, 0x00, 0x00, 0x00, 0x00, 0x00, 0x00, 0x00, 0x00, 0x00, 0x00, 0x00, 0x00, 0x00, 0x00, 0x00, 0x00, 0x00,
             - 0x00, 0x00, 0x00, 0x00, 0x00, 0x00, 0x00, 0x00, 0x00, 0x00,  // Code for char [
 336          //         0x04, 0x06, 0x00, 0x00, 0xF8, 0x00, 0x00, 0x00, 0x1F, 0x00, 0x00, 0x60, 0x00, 0x00, 0x00, 0x00,
             - 0x00, 0x00, 0x00, 0x00, 0x00, 0x00, 0x00, 0x00, 0x00, 0x00, 0x00, 0x00, 0x00, 0x00, 0x00, 0x00, 0x00, 0x00, 0x00, 0x00,
             - 0x00, 0x00, 0x00, 0x00, 0x00, 0x00, 0x00, 0x00, 0x00, 0x00,  // Code for char BackSlash
 337          //         0x03, 0x02, 0x00, 0x04, 0x02, 0x00, 0x04, 0xFE, 0xFF, 0x07, 0x00, 0x00, 0x00, 0x00, 0x00, 0x00,
             - 0x00, 0x00, 0x00, 0x00, 0x00, 0x00, 0x00, 0x00, 0x00, 0x00, 0x00, 0x00, 0x00, 0x00, 0x00, 0x00, 0x00, 0x00, 0x00, 0x00,
             - 0x00, 0x00, 0x00, 0x00, 0x00, 0x00, 0x00, 0x00, 0x00, 0x00,  // Code for char ]
 338          //         0x07, 0x80, 0x00, 0x00, 0x60, 0x00, 0x00, 0x18, 0x00, 0x00, 0x06, 0x00, 0x00, 0x18, 0x00, 0x00,
             - 0x60, 0x00, 0x00, 0x80, 0x00, 0x00, 0x00, 0x00, 0x00, 0x00, 0x00, 0x00, 0x00, 0x00, 0x00, 0x00, 0x00, 0x00, 0x00, 0x00,
             - 0x00, 0x00, 0x00, 0x00, 0x00, 0x00, 0x00, 0x00, 0x00, 0x00,  // Code for char ^
 339          //         0x09, 0x00, 0x00, 0x01, 0x00, 0x00, 0x01, 0x00, 0x00, 0x01, 0x00, 0x00, 0x01, 0x00, 0x00, 0x01,
             - 0x00, 0x00, 0x01, 0x00, 0x00, 0x01, 0x00, 0x00, 0x01, 0x00, 0x00, 0x01, 0x00, 0x00, 0x00, 0x00, 0x00, 0x00, 0x00, 0x00,
             - 0x00, 0x00, 0x00, 0x00, 0x00, 0x00, 0x00, 0x00, 0x00, 0x00,  // Code for char _
 340          //         0x03, 0x00, 0x00, 0x00, 0x02, 0x00, 0x00, 0x0C, 0x00, 0x00, 0x00, 0x00, 0x00, 0x00, 0x00, 0x00,
             - 0x00, 0x00, 0x00, 0x00, 0x00, 0x00, 0x00, 0x00, 0x00, 0x00, 0x00, 0x00, 0x00, 0x00, 0x00, 0x00, 0x00, 0x00, 0x00, 0x00,
             - 0x00, 0x00, 0x00, 0x00, 0x00, 0x00, 0x00, 0x00, 0x00, 0x00,  // Code for char `
 341          //         0x08, 0x00, 0x00, 0x00, 0x80, 0x3C, 0x00, 0x40, 0x66, 0x00, 0x20, 0x42, 0x00, 0x20, 0x42, 0x00,
             - 0x20, 0x42, 0x00, 0x20, 0x31, 0x00, 0xC0, 0x7F, 0x00, 0x00, 0x00, 0x00, 0x00, 0x00, 0x00, 0x00, 0x00, 0x00, 0x00, 0x00,
             - 0x00, 0x00, 0x00, 0x00, 0x00, 0x00, 0x00, 0x00, 0x00, 0x00,  // Code for char a
 342          //         0x08, 0x00, 0x00, 0x00, 0xFE, 0x7F, 0x00, 0x40, 0x20, 0x00, 0x20, 0x40, 0x00, 0x20, 0x40, 0x00,
             - 0x20, 0x40, 0x00, 0x40, 0x20, 0x00, 0x80, 0x1F, 0x00, 0x00, 0x00, 0x00, 0x00, 0x00, 0x00, 0x00, 0x00, 0x00, 0x00, 0x00,
             - 0x00, 0x00, 0x00, 0x00, 0x00, 0x00, 0x00, 0x00, 0x00, 0x00,  // Code for char b
 343          //         0x07, 0x80, 0x1F, 0x00, 0x40, 0x20, 0x00, 0x20, 0x40, 0x00, 0x20, 0x40, 0x00, 0x20, 0x40, 0x00,
             - 0x60, 0x20, 0x00, 0x80, 0x18, 0x00, 0x00, 0x00, 0x00, 0x00, 0x00, 0x00, 0x00, 0x00, 0x00, 0x00, 0x00, 0x00, 0x00, 0x00,
             - 0x00, 0x00, 0x00, 0x00, 0x00, 0x00, 0x00, 0x00, 0x00, 0x00,  // Code for char c
 344          //         0x08, 0x00, 0x00, 0x00, 0x80, 0x1F, 0x00, 0x40, 0x20, 0x00, 0x20, 0x40, 0x00, 0x20, 0x40, 0x00,
             - 0x20, 0x40, 0x00, 0x40, 0x20, 0x00, 0xFE, 0x7F, 0x00, 0x00, 0x00, 0x00, 0x00, 0x00, 0x00, 0x00, 0x00, 0x00, 0x00, 0x00,
C51 COMPILER V9.60.7.0   FONTS                                                             09/18/2024 13:49:56 PAGE 13  

             - 0x00, 0x00, 0x00, 0x00, 0x00, 0x00, 0x00, 0x00, 0x00, 0x00,  // Code for char d
 345          //         0x08, 0x00, 0x00, 0x00, 0x80, 0x1F, 0x00, 0x40, 0x22, 0x00, 0x20, 0x42, 0x00, 0x20, 0x42, 0x00,
             - 0x20, 0x42, 0x00, 0x40, 0x22, 0x00, 0x80, 0x13, 0x00, 0x00, 0x00, 0x00, 0x00, 0x00, 0x00, 0x00, 0x00, 0x00, 0x00, 0x00,
             - 0x00, 0x00, 0x00, 0x00, 0x00, 0x00, 0x00, 0x00, 0x00, 0x00,  // Code for char e
 346          //         0x05, 0x20, 0x00, 0x00, 0xFC, 0x7F, 0x00, 0x22, 0x00, 0x00, 0x22, 0x00, 0x00, 0x02, 0x00, 0x00,
             - 0x00, 0x00, 0x00, 0x00, 0x00, 0x00, 0x00, 0x00, 0x00, 0x00, 0x00, 0x00, 0x00, 0x00, 0x00, 0x00, 0x00, 0x00, 0x00, 0x00,
             - 0x00, 0x00, 0x00, 0x00, 0x00, 0x00, 0x00, 0x00, 0x00, 0x00,  // Code for char f
 347          //         0x08, 0x00, 0x00, 0x00, 0x80, 0x1F, 0x03, 0x40, 0x20, 0x04, 0x20, 0x40, 0x04, 0x20, 0x40, 0x04,
             - 0x20, 0x40, 0x04, 0x40, 0x20, 0x02, 0xE0, 0xFF, 0x01, 0x00, 0x00, 0x00, 0x00, 0x00, 0x00, 0x00, 0x00, 0x00, 0x00, 0x00,
             - 0x00, 0x00, 0x00, 0x00, 0x00, 0x00, 0x00, 0x00, 0x00, 0x00,  // Code for char g
 348          //         0x08, 0x00, 0x00, 0x00, 0xFE, 0x7F, 0x00, 0x40, 0x00, 0x00, 0x20, 0x00, 0x00, 0x20, 0x00, 0x00,
             - 0x20, 0x00, 0x00, 0x60, 0x00, 0x00, 0xC0, 0x7F, 0x00, 0x00, 0x00, 0x00, 0x00, 0x00, 0x00, 0x00, 0x00, 0x00, 0x00, 0x00,
             - 0x00, 0x00, 0x00, 0x00, 0x00, 0x00, 0x00, 0x00, 0x00, 0x00,  // Code for char h
 349          //         0x02, 0x00, 0x00, 0x00, 0xE2, 0x7F, 0x00, 0x00, 0x00, 0x00, 0x00, 0x00, 0x00, 0x00, 0x00, 0x00,
             - 0x00, 0x00, 0x00, 0x00, 0x00, 0x00, 0x00, 0x00, 0x00, 0x00, 0x00, 0x00, 0x00, 0x00, 0x00, 0x00, 0x00, 0x00, 0x00, 0x00,
             - 0x00, 0x00, 0x00, 0x00, 0x00, 0x00, 0x00, 0x00, 0x00, 0x00,  // Code for char i
 350          //         0x02, 0x00, 0x00, 0x04, 0xE2, 0xFF, 0x07, 0x00, 0x00, 0x00, 0x00, 0x00, 0x00, 0x00, 0x00, 0x00,
             - 0x00, 0x00, 0x00, 0x00, 0x00, 0x00, 0x00, 0x00, 0x00, 0x00, 0x00, 0x00, 0x00, 0x00, 0x00, 0x00, 0x00, 0x00, 0x00, 0x00,
             - 0x00, 0x00, 0x00, 0x00, 0x00, 0x00, 0x00, 0x00, 0x00, 0x00,  // Code for char j
 351          //         0x07, 0x00, 0x00, 0x00, 0xFE, 0x7F, 0x00, 0x00, 0x02, 0x00, 0x00, 0x03, 0x00, 0x80, 0x04, 0x00,
             - 0x40, 0x18, 0x00, 0x20, 0x60, 0x00, 0x00, 0x00, 0x00, 0x00, 0x00, 0x00, 0x00, 0x00, 0x00, 0x00, 0x00, 0x00, 0x00, 0x00,
             - 0x00, 0x00, 0x00, 0x00, 0x00, 0x00, 0x00, 0x00, 0x00, 0x00,  // Code for char k
 352          //         0x02, 0x00, 0x00, 0x00, 0xFE, 0x7F, 0x00, 0x00, 0x00, 0x00, 0x00, 0x00, 0x00, 0x00, 0x00, 0x00,
             - 0x00, 0x00, 0x00, 0x00, 0x00, 0x00, 0x00, 0x00, 0x00, 0x00, 0x00, 0x00, 0x00, 0x00, 0x00, 0x00, 0x00, 0x00, 0x00, 0x00,
             - 0x00, 0x00, 0x00, 0x00, 0x00, 0x00, 0x00, 0x00, 0x00, 0x00,  // Code for char l
 353          //         0x0C, 0x00, 0x00, 0x00, 0xE0, 0x7F, 0x00, 0x40, 0x00, 0x00, 0x20, 0x00, 0x00, 0x20, 0x00, 0x00,
             - 0x20, 0x00, 0x00, 0xC0, 0x7F, 0x00, 0x40, 0x00, 0x00, 0x20, 0x00, 0x00, 0x20, 0x00, 0x00, 0x20, 0x00, 0x00, 0xC0, 0x7F,
             - 0x00, 0x00, 0x00, 0x00, 0x00, 0x00, 0x00, 0x00, 0x00, 0x00,  // Code for char m
 354          //         0x08, 0x00, 0x00, 0x00, 0xE0, 0x7F, 0x00, 0x40, 0x00, 0x00, 0x20, 0x00, 0x00, 0x20, 0x00, 0x00,
             - 0x20, 0x00, 0x00, 0x60, 0x00, 0x00, 0xC0, 0x7F, 0x00, 0x00, 0x00, 0x00, 0x00, 0x00, 0x00, 0x00, 0x00, 0x00, 0x00, 0x00,
             - 0x00, 0x00, 0x00, 0x00, 0x00, 0x00, 0x00, 0x00, 0x00, 0x00,  // Code for char n
 355          //         0x08, 0x00, 0x00, 0x00, 0x80, 0x1F, 0x00, 0x40, 0x20, 0x00, 0x20, 0x40, 0x00, 0x20, 0x40, 0x00,
             - 0x20, 0x40, 0x00, 0x40, 0x20, 0x00, 0x80, 0x1F, 0x00, 0x00, 0x00, 0x00, 0x00, 0x00, 0x00, 0x00, 0x00, 0x00, 0x00, 0x00,
             - 0x00, 0x00, 0x00, 0x00, 0x00, 0x00, 0x00, 0x00, 0x00, 0x00,  // Code for char o
 356          //         0x08, 0x00, 0x00, 0x00, 0xE0, 0xFF, 0x07, 0x40, 0x20, 0x00, 0x20, 0x40, 0x00, 0x20, 0x40, 0x00,
             - 0x20, 0x40, 0x00, 0x40, 0x20, 0x00, 0x80, 0x1F, 0x00, 0x00, 0x00, 0x00, 0x00, 0x00, 0x00, 0x00, 0x00, 0x00, 0x00, 0x00,
             - 0x00, 0x00, 0x00, 0x00, 0x00, 0x00, 0x00, 0x00, 0x00, 0x00,  // Code for char p
 357          //         0x08, 0x00, 0x00, 0x00, 0x80, 0x1F, 0x00, 0x40, 0x20, 0x00, 0x20, 0x40, 0x00, 0x20, 0x40, 0x00,
             - 0x20, 0x40, 0x00, 0x40, 0x20, 0x00, 0xE0, 0xFF, 0x07, 0x00, 0x00, 0x00, 0x00, 0x00, 0x00, 0x00, 0x00, 0x00, 0x00, 0x00,
             - 0x00, 0x00, 0x00, 0x00, 0x00, 0x00, 0x00, 0x00, 0x00, 0x00,  // Code for char q
 358          //         0x05, 0x00, 0x00, 0x00, 0xE0, 0x7F, 0x00, 0x40, 0x00, 0x00, 0x20, 0x00, 0x00, 0x60, 0x00, 0x00,
             - 0x00, 0x00, 0x00, 0x00, 0x00, 0x00, 0x00, 0x00, 0x00, 0x00, 0x00, 0x00, 0x00, 0x00, 0x00, 0x00, 0x00, 0x00, 0x00, 0x00,
             - 0x00, 0x00, 0x00, 0x00, 0x00, 0x00, 0x00, 0x00, 0x00, 0x00,  // Code for char r
 359          //         0x07, 0x00, 0x00, 0x00, 0xC0, 0x31, 0x00, 0x20, 0x42, 0x00, 0x20, 0x42, 0x00, 0x20, 0x44, 0x00,
             - 0x20, 0x44, 0x00, 0xC0, 0x38, 0x00, 0x00, 0x00, 0x00, 0x00, 0x00, 0x00, 0x00, 0x00, 0x00, 0x00, 0x00, 0x00, 0x00, 0x00,
             - 0x00, 0x00, 0x00, 0x00, 0x00, 0x00, 0x00, 0x00, 0x00, 0x00,  // Code for char s
 360          //         0x03, 0x20, 0x00, 0x00, 0xFC, 0x7F, 0x00, 0x20, 0x40, 0x00, 0x00, 0x00, 0x00, 0x00, 0x00, 0x00,
             - 0x00, 0x00, 0x00, 0x00, 0x00, 0x00, 0x00, 0x00, 0x00, 0x00, 0x00, 0x00, 0x00, 0x00, 0x00, 0x00, 0x00, 0x00, 0x00, 0x00,
             - 0x00, 0x00, 0x00, 0x00, 0x00, 0x00, 0x00, 0x00, 0x00, 0x00,  // Code for char t
 361          //         0x08, 0x00, 0x00, 0x00, 0xE0, 0x3F, 0x00, 0x00, 0x60, 0x00, 0x00, 0x40, 0x00, 0x00, 0x40, 0x00,
             - 0x00, 0x40, 0x00, 0x00, 0x20, 0x00, 0xE0, 0x7F, 0x00, 0x00, 0x00, 0x00, 0x00, 0x00, 0x00, 0x00, 0x00, 0x00, 0x00, 0x00,
             - 0x00, 0x00, 0x00, 0x00, 0x00, 0x00, 0x00, 0x00, 0x00, 0x00,  // Code for char u
 362          //         0x07, 0x60, 0x00, 0x00, 0x80, 0x03, 0x00, 0x00, 0x3C, 0x00, 0x00, 0x40, 0x00, 0x00, 0x3C, 0x00,
             - 0x80, 0x03, 0x00, 0x60, 0x00, 0x00, 0x00, 0x00, 0x00, 0x00, 0x00, 0x00, 0x00, 0x00, 0x00, 0x00, 0x00, 0x00, 0x00, 0x00,
             - 0x00, 0x00, 0x00, 0x00, 0x00, 0x00, 0x00, 0x00, 0x00, 0x00,  // Code for char v
 363          //         0x0B, 0x60, 0x00, 0x00, 0x80, 0x03, 0x00, 0x00, 0x1C, 0x00, 0x00, 0x60, 0x00, 0x80, 0x1F, 0x00,
             - 0x60, 0x00, 0x00, 0x80, 0x1F, 0x00, 0x00, 0x60, 0x00, 0x00, 0x1C, 0x00, 0x80, 0x03, 0x00, 0x60, 0x00, 0x00, 0x00, 0x00,
             - 0x00, 0x00, 0x00, 0x00, 0x00, 0x00, 0x00, 0x00, 0x00, 0x00,  // Code for char w
 364          //         0x07, 0x20, 0x40, 0x00, 0xC0, 0x30, 0x00, 0x00, 0x09, 0x00, 0x00, 0x06, 0x00, 0x00, 0x09, 0x00,
             - 0xC0, 0x30, 0x00, 0x20, 0x40, 0x00, 0x00, 0x00, 0x00, 0x00, 0x00, 0x00, 0x00, 0x00, 0x00, 0x00, 0x00, 0x00, 0x00, 0x00,
             - 0x00, 0x00, 0x00, 0x00, 0x00, 0x00, 0x00, 0x00, 0x00, 0x00,  // Code for char x
 365          //         0x07, 0x60, 0x00, 0x04, 0x80, 0x03, 0x04, 0x00, 0x3C, 0x02, 0x00, 0xC0, 0x01, 0x00, 0x3C, 0x00,
C51 COMPILER V9.60.7.0   FONTS                                                             09/18/2024 13:49:56 PAGE 14  

             - 0x80, 0x03, 0x00, 0x60, 0x00, 0x00, 0x00, 0x00, 0x00, 0x00, 0x00, 0x00, 0x00, 0x00, 0x00, 0x00, 0x00, 0x00, 0x00, 0x00,
             - 0x00, 0x00, 0x00, 0x00, 0x00, 0x00, 0x00, 0x00, 0x00, 0x00,  // Code for char y
 366          //         0x07, 0x20, 0x60, 0x00, 0x20, 0x50, 0x00, 0x20, 0x48, 0x00, 0x20, 0x46, 0x00, 0x20, 0x41, 0x00,
             - 0xA0, 0x40, 0x00, 0x60, 0x40, 0x00, 0x00, 0x00, 0x00, 0x00, 0x00, 0x00, 0x00, 0x00, 0x00, 0x00, 0x00, 0x00, 0x00, 0x00,
             - 0x00, 0x00, 0x00, 0x00, 0x00, 0x00, 0x00, 0x00, 0x00, 0x00,  // Code for char z
 367          //         0x05, 0x00, 0x04, 0x00, 0x00, 0x0E, 0x00, 0xFC, 0xFB, 0x03, 0x02, 0x00, 0x04, 0x02, 0x00, 0x04,
             - 0x00, 0x00, 0x00, 0x00, 0x00, 0x00, 0x00, 0x00, 0x00, 0x00, 0x00, 0x00, 0x00, 0x00, 0x00, 0x00, 0x00, 0x00, 0x00, 0x00,
             - 0x00, 0x00, 0x00, 0x00, 0x00, 0x00, 0x00, 0x00, 0x00, 0x00,  // Code for char {
 368          //         0x02, 0x00, 0x00, 0x00, 0xFE, 0xFF, 0x07, 0x00, 0x00, 0x00, 0x00, 0x00, 0x00, 0x00, 0x00, 0x00,
             - 0x00, 0x00, 0x00, 0x00, 0x00, 0x00, 0x00, 0x00, 0x00, 0x00, 0x00, 0x00, 0x00, 0x00, 0x00, 0x00, 0x00, 0x00, 0x00, 0x00,
             - 0x00, 0x00, 0x00, 0x00, 0x00, 0x00, 0x00, 0x00, 0x00, 0x00,  // Code for char |
 369          //         0x05, 0x02, 0x00, 0x04, 0x02, 0x00, 0x04, 0xFC, 0xFB, 0x03, 0x00, 0x0E, 0x00, 0x00, 0x04, 0x00,
             - 0x00, 0x00, 0x00, 0x00, 0x00, 0x00, 0x00, 0x00, 0x00, 0x00, 0x00, 0x00, 0x00, 0x00, 0x00, 0x00, 0x00, 0x00, 0x00, 0x00,
             - 0x00, 0x00, 0x00, 0x00, 0x00, 0x00, 0x00, 0x00, 0x00, 0x00,  // Code for char }
 370          //         0x08, 0x00, 0x01, 0x00, 0x80, 0x00, 0x00, 0x80, 0x00, 0x00, 0x80, 0x00, 0x00, 0x00, 0x01, 0x00,
             - 0x00, 0x01, 0x00, 0x00, 0x01, 0x00, 0x80, 0x01, 0x00, 0x00, 0x00, 0x00, 0x00, 0x00, 0x00, 0x00, 0x00, 0x00, 0x00, 0x00,
             - 0x00, 0x00, 0x00, 0x00, 0x00, 0x00, 0x00, 0x00, 0x00, 0x00,  // Code for char ~
 371          //         0x05, 0xFE, 0x3F, 0x00, 0x02, 0x20, 0x00, 0x02, 0x20, 0x00, 0x02, 0x20, 0x00, 0xFE, 0x3F, 0x00,
             - 0x00, 0x00, 0x00, 0x00, 0x00, 0x00, 0x00, 0x00, 0x00, 0x00, 0x00, 0x00, 0x00, 0x00, 0x00, 0x00, 0x00, 0x00, 0x00, 0x00,
             - 0x00, 0x00, 0x00, 0x00, 0x00, 0x00, 0x00, 0x00, 0x00, 0x00   // Code for char 
 372          //         };

C51 COMPILATION COMPLETE.  1 WARNING(S),  2 ERROR(S)
