C51 COMPILER V9.60.7.0   IOTFYEEPROM                                                       09/12/2024 17:56:54 PAGE 1   


C51 COMPILER V9.60.7.0, COMPILATION OF MODULE IOTFYEEPROM
OBJECT MODULE PLACED IN .\Objects\iotfyEeprom.obj
COMPILER INVOKED BY: C:\Users\shash\AppData\Local\Keil_v5\C51\BIN\C51.EXE Src\iotfyEeprom.c LARGE OPTIMIZE(8,SPEED) BROW
                    -SE INCDIR(.\Device\Include;.\Driver\inc;.\Src) DEBUG OBJECTEXTEND PRINT(.\Listings\iotfyEeprom.lst) TABS(2) OBJECT(.\Obj
                    -ects\iotfyEeprom.obj)

line level    source

   1          #include "common.h"
   2          #include "MS51_32K.H"
   3          #include "iotfyEeprom.h"
   4          #include "device.h"
   5          
   6          
   7          void write_EE(unsigned int addr, unsigned char edata) {
   8   1        if(addr >=INIT_MEM) {
   9   2          Write_DATAFLASH_BYTE(addr, edata);
  10   2        }
  11   1      }
  12          
  13          unsigned char read_EE(unsigned int addr) {
  14   1        unsigned char edata;
  15   1        edata = Read_APROM_BYTE((unsigned int code *)addr);
  16   1        return edata;
  17   1      }


MODULE INFORMATION:   STATIC OVERLAYABLE
   CODE SIZE        =     16    ----
   CONSTANT SIZE    =   ----    ----
   XDATA SIZE       =   ----    ----
   PDATA SIZE       =   ----    ----
   DATA SIZE        =   ----    ----
   IDATA SIZE       =   ----    ----
   BIT SIZE         =   ----    ----
END OF MODULE INFORMATION.


C51 COMPILATION COMPLETE.  0 WARNING(S),  0 ERROR(S)
