C51 COMPILER V9.60.7.0   SPI                                                               04/14/2025 22:12:06 PAGE 1   


C51 COMPILER V9.60.7.0, COMPILATION OF MODULE SPI
OBJECT MODULE PLACED IN .\Objects\spi.obj
COMPILER INVOKED BY: C:\Keil_v5\C51\BIN\C51.EXE Src\spi.c LARGE OPTIMIZE(8,SPEED) BROWSE INCDIR(.\Device\Include;.\Drive
                    -r\inc;.\Src) DEBUG OBJECTEXTEND PRINT(.\Listings\spi.lst) TABS(2) OBJECT(.\Objects\spi.obj)

line level    source

   1          #include "MS51_32K.H"
   2          #include "spi.h"
   3          /****************************************************************/
   4          void Spi_Write_Byte(unsigned char u8SpiWB)
   5          {
   6   1          SPDR = u8SpiWB;
   7   1          while(!(SPSR&0x80));
   8   1          clr_SPSR_SPIF;
   9   1      }
  10          /****************************************************************/
  11          unsigned char Spi_Read_Byte(unsigned char u8SpiWB)
  12          {
  13   1          unsigned char u8SpiRB;
  14   1          SPDR = u8SpiWB;
  15   1          while(!(SPSR&0x80));
  16   1          u8SpiRB = SPDR;
  17   1          clr_SPSR_SPIF;
  18   1          return u8SpiRB;
  19   1      }
  20          
  21          void Spi_Write_Buff(uint8_t *buff,uint16_t len){
  22   1        unsigned int i;
  23   1        for(i =0;i<len;i++){
  24   2          SPDR = buff[i];
  25   2              while(!(SPSR&0x80));
  26   2              clr_SPSR_SPIF;
  27   2        }
  28   1      }


MODULE INFORMATION:   STATIC OVERLAYABLE
   CODE SIZE        =    102    ----
   CONSTANT SIZE    =   ----    ----
   XDATA SIZE       =   ----       5
   PDATA SIZE       =   ----    ----
   DATA SIZE        =   ----    ----
   IDATA SIZE       =   ----    ----
   BIT SIZE         =   ----    ----
END OF MODULE INFORMATION.


C51 COMPILATION COMPLETE.  0 WARNING(S),  0 ERROR(S)
