C51 COMPILER V9.60.7.0   WATCHDOG                                                          04/14/2025 22:12:07 PAGE 1   


C51 COMPILER V9.60.7.0, COMPILATION OF MODULE WATCHDOG
OBJECT MODULE PLACED IN .\Objects\watchdog.obj
COMPILER INVOKED BY: C:\Keil_v5\C51\BIN\C51.EXE Driver\src\watchdog.c LARGE OPTIMIZE(8,SPEED) BROWSE INCDIR(.\Device\Inc
                    -lude;.\Driver\inc;.\Src) DEBUG OBJECTEXTEND PRINT(.\Listings\watchdog.lst) TABS(2) OBJECT(.\Objects\watchdog.obj)

line level    source

   1          /*--------------------------------------------------------------------------------------------------------
             --*/
   2          /*                                                                                                        
             - */
   3          /* SPDX-License-Identifier: Apache-2.0                                                                    
             - */
   4          /* Copyright(c) 2020 Nuvoton Technology Corp. All rights reserved.                                        
             - */
   5          /*                                                                                                        
             - */
   6          /*--------------------------------------------------------------------------------------------------------
             --*/
   7          
   8          //********************************************************************************************************
             -***
   9          //  Website: http://www.nuvoton.com
  10          //  E-Mail : MicroC-8bit@nuvoton.com
  11          //********************************************************************************************************
             -***
  12          #include "MS51_32K.h"
  13          
  14          void Enable_WDT_Reset_Config(void)
  15          {
  16   1          set_CHPCON_IAPEN;
  17   1          IAPAL = 0x04;
  18   1          IAPAH = 0x00;
  19   1          IAPFD = 0x0F;
  20   1          IAPCN = BYTE_PROGRAM_CONFIG;
  21   1          set_IAPUEN_CFUEN;
  22   1          set_IAPTRG_IAPGO;                            //trigger IAP
  23   1      
  24   1          while ((CHPCON & SET_BIT6) == SET_BIT6);     //check IAPFF (CHPCON.6)
  25   1      
  26   1          clr_IAPUEN_CFUEN;
  27   1          clr_CHPCON_IAPEN;
  28   1          set_CHPCON_SWRST;
  29   1      }
  30          
  31          /****************************************************************************/
  32          /* WDT CONFIG disable                                                       */
  33          /* warning : this macro is for CONFIG already enable WDT Reset to disable.  */
  34          /* Since erase CONFIG is full page                                          */
  35          /* step 1. storage CONFIG value in RAM                                      */
  36          /* step 2. modify RAM CONFIG4 WDT value to disable                          */
  37          /* step 3. erase CONFIG page                                                */
  38          /* step 4. re writer CONFIG.                                                */
  39          /* **************************************************************************/
  40          void Disable_WDT_Reset_Config(void)
  41          {
  42   1          unsigned char cf0, cf1, cf2, cf3, cf4;
  43   1      
  44   1          set_CHPCON_IAPEN;
  45   1          IAPAL = 0x00;
  46   1          IAPAH = 0x00;
C51 COMPILER V9.60.7.0   WATCHDOG                                                          04/14/2025 22:12:07 PAGE 2   

  47   1          IAPCN = BYTE_READ_CONFIG;
  48   1          set_IAPTRG_IAPGO;                                  //Storage CONFIG0 data
  49   1          cf0 = IAPFD;
  50   1          IAPAL = 0x01;
  51   1          set_IAPTRG_IAPGO;                                  //Storage CONFIG1 data
  52   1          cf1 = IAPFD;
  53   1          IAPAL = 0x02;
  54   1          set_IAPTRG_IAPGO;                                  //Storage CONFIG2 data
  55   1          cf2 = IAPFD;
  56   1          IAPAL = 0x03;
  57   1          set_IAPTRG_IAPGO;                                  //Storage CONFIG3 data
  58   1          cf3 = IAPFD;
  59   1          IAPAL = 0x04;
  60   1          set_IAPTRG_IAPGO;                                  //Storage CONFIG4 data
  61   1          cf4 = IAPFD;
  62   1          cf4 |= 0xF0;                                      //Moidfy Storage CONFIG4 data disable WDT reset
  63   1      
  64   1          set_IAPUEN_CFUEN;
  65   1          IAPCN = PAGE_ERASE_CONFIG;                        //Erase CONFIG all
  66   1          IAPAH = 0x00;
  67   1          IAPAL = 0x00;
  68   1          IAPFD = 0xFF;
  69   1          set_IAPTRG_IAPGO;
  70   1      
  71   1          IAPCN = BYTE_PROGRAM_CONFIG;                    //Write CONFIG
  72   1          IAPFD = cf0;
  73   1          set_IAPTRG_IAPGO;
  74   1          IAPAL = 0x01;
  75   1          IAPFD = cf1;
  76   1          set_IAPTRG_IAPGO;
  77   1          IAPAL = 0x02;
  78   1          IAPFD = cf2;
  79   1          set_IAPTRG_IAPGO;
  80   1          IAPAL = 0x03;
  81   1          IAPFD = cf3;
  82   1          set_IAPTRG_IAPGO;
  83   1          IAPAL = 0x04;
  84   1          IAPFD = cf4;
  85   1          set_IAPTRG_IAPGO;
  86   1      
  87   1          set_IAPUEN_CFUEN;
  88   1          clr_CHPCON_IAPEN;
  89   1      
  90   1          if (WDCON & SET_BIT3)
  91   1          {
  92   2              clr_WDCON_WDTRF;
  93   2              set_CHPCON_SWRST;
  94   2          }
  95   1      }


MODULE INFORMATION:   STATIC OVERLAYABLE
   CODE SIZE        =    579    ----
   CONSTANT SIZE    =   ----    ----
   XDATA SIZE       =   ----    ----
   PDATA SIZE       =   ----    ----
   DATA SIZE        =   ----    ----
   IDATA SIZE       =   ----    ----
   BIT SIZE         =   ----    ----
END OF MODULE INFORMATION.


C51 COMPILATION COMPLETE.  0 WARNING(S),  0 ERROR(S)
