C51 COMPILER V9.60.7.0   WDTCONFIG                                                         09/12/2024 17:56:55 PAGE 1   


C51 COMPILER V9.60.7.0, COMPILATION OF MODULE WDTCONFIG
OBJECT MODULE PLACED IN .\Objects\wdtConfig.obj
COMPILER INVOKED BY: C:\Users\shash\AppData\Local\Keil_v5\C51\BIN\C51.EXE Src\wdtConfig.c LARGE OPTIMIZE(8,SPEED) BROWSE
                    - INCDIR(.\Device\Include;.\Driver\inc;.\Src) DEBUG OBJECTEXTEND PRINT(.\Listings\wdtConfig.lst) TABS(2) OBJECT(.\Objects
                    -\wdtConfig.obj)

line level    source

   1          #include "wdtConfig.h"
   2          #include "sys.h"
   3          #include "common.h"
   4          #include "MS51_32K.H"
   5          
   6          void initWatchDog(void) {
   7   1        Disable_WDT_Reset_Config();
   8   1        TA = 0xAA;
   9   1        TA = 0x55;
  10   1        WDCON = 0x07;           //Setting WDT prescale (1.26s )
  11   1        set_WDCON_WIDPD;            //WDT run in IDLE as well as PowerDown
  12   1        ENABLE_WDT_INTERRUPT;   //Enable WDT Interrupt
  13   1        ENABLE_GLOBAL_INTERRUPT;  //Enable Global Interrupt
  14   1        set_WDCON_WDTR;             //WDT run
  15   1        set_WDCON_WDCLR;            //Clear WDT timer
  16   1        while((WDCON|~SET_BIT6)==0xFF);
  17   1      }
  18          
  19          void resetWatchDog(void) {
  20   1        DISABLE_WDT_INTERRUPT;
  21   1        TA = 0xAA;
  22   1        TA = 0x55;
  23   1        WDCON = 0x07;           //Setting WDT prescale (1.26s )
  24   1        set_WDCON_WIDPD;            //WDT run in IDLE as well as PowerDown
  25   1        ENABLE_WDT_INTERRUPT;   //Enable WDT Interrupt
  26   1        set_WDCON_WDTR;             //WDT run
  27   1        set_WDCON_WDCLR;            //Clear WDT timer
  28   1        while((WDCON|~SET_BIT6) == 0xFF);
  29   1      }
  30          
  31          void Disable_WatchDog(void) {
  32   1        DISABLE_WDT_INTERRUPT;
  33   1        TA = 0xAA;
  34   1        TA = 0x55;
  35   1        WDCON = 0x07;           //Setting WDT prescale (1.26s )
  36   1        set_WDCON_WIDPD;            //WDT run in IDLE as well as PowerDown
  37   1        clr_WDCON_WDTR;             //WDT run
  38   1        clr_WDCON_WDCLR;            //Clear WDT timer
  39   1      }


MODULE INFORMATION:   STATIC OVERLAYABLE
   CODE SIZE        =    259    ----
   CONSTANT SIZE    =   ----    ----
   XDATA SIZE       =   ----    ----
   PDATA SIZE       =   ----    ----
   DATA SIZE        =   ----    ----
   IDATA SIZE       =   ----    ----
   BIT SIZE         =   ----    ----
END OF MODULE INFORMATION.


C51 COMPILATION COMPLETE.  0 WARNING(S),  0 ERROR(S)
